Linked: (/home/aims/catkin_ws/devel/.private/dji_sdk/include/dji_sdk/MissionHpResetYawRequest.h, /home/aims/catkin_ws/devel/include/dji_sdk/MissionHpResetYawRequest.h)
Linked: (/home/aims/catkin_ws/devel/.private/dji_sdk/include/dji_sdk/CameraActionResponse.h, /home/aims/catkin_ws/devel/include/dji_sdk/CameraActionResponse.h)
Linked: (/home/aims/catkin_ws/devel/.private/dji_sdk/include/dji_sdk/QueryDroneVersionRequest.h, /home/aims/catkin_ws/devel/include/dji_sdk/QueryDroneVersionRequest.h)
Linked: (/home/aims/catkin_ws/devel/.private/dji_sdk/include/dji_sdk/SendMobileDataResponse.h, /home/aims/catkin_ws/devel/include/dji_sdk/SendMobileDataResponse.h)
Linked: (/home/aims/catkin_ws/devel/.private/dji_sdk/include/dji_sdk/DroneArmControlRequest.h, /home/aims/catkin_ws/devel/include/dji_sdk/DroneArmControlRequest.h)
Linked: (/home/aims/catkin_ws/devel/.private/dji_sdk/include/dji_sdk/MissionHpActionRequest.h, /home/aims/catkin_ws/devel/include/dji_sdk/MissionHpActionRequest.h)
Linked: (/home/aims/catkin_ws/devel/.private/dji_sdk/include/dji_sdk/MissionHpUpdateYawRateRequest.h, /home/aims/catkin_ws/devel/include/dji_sdk/MissionHpUpdateYawRateRequest.h)
Linked: (/home/aims/catkin_ws/devel/.private/dji_sdk/include/dji_sdk/FlightAnomaly.h, /home/aims/catkin_ws/devel/include/dji_sdk/FlightAnomaly.h)
Linked: (/home/aims/catkin_ws/devel/.private/dji_sdk/include/dji_sdk/Stereo240pSubscriptionResponse.h, /home/aims/catkin_ws/devel/include/dji_sdk/Stereo240pSubscriptionResponse.h)
Linked: (/home/aims/catkin_ws/devel/.private/dji_sdk/include/dji_sdk/MissionWpSetSpeedResponse.h, /home/aims/catkin_ws/devel/include/dji_sdk/MissionWpSetSpeedResponse.h)
Linked: (/home/aims/catkin_ws/devel/.private/dji_sdk/include/dji_sdk/ActivationResponse.h, /home/aims/catkin_ws/devel/include/dji_sdk/ActivationResponse.h)
Linked: (/home/aims/catkin_ws/devel/.private/dji_sdk/include/dji_sdk/SendMobileDataRequest.h, /home/aims/catkin_ws/devel/include/dji_sdk/SendMobileDataRequest.h)
Linked: (/home/aims/catkin_ws/devel/.private/dji_sdk/include/dji_sdk/SendPayloadDataRequest.h, /home/aims/catkin_ws/devel/include/dji_sdk/SendPayloadDataRequest.h)
Linked: (/home/aims/catkin_ws/devel/.private/dji_sdk/include/dji_sdk/Stereo240pSubscriptionRequest.h, /home/aims/catkin_ws/devel/include/dji_sdk/Stereo240pSubscriptionRequest.h)
Linked: (/home/aims/catkin_ws/devel/.private/dji_sdk/include/dji_sdk/MissionHpResetYaw.h, /home/aims/catkin_ws/devel/include/dji_sdk/MissionHpResetYaw.h)
Linked: (/home/aims/catkin_ws/devel/.private/dji_sdk/include/dji_sdk/SetupCameraStreamResponse.h, /home/aims/catkin_ws/devel/include/dji_sdk/SetupCameraStreamResponse.h)
Linked: (/home/aims/catkin_ws/devel/.private/dji_sdk/include/dji_sdk/MissionWaypointTask.h, /home/aims/catkin_ws/devel/include/dji_sdk/MissionWaypointTask.h)
Linked: (/home/aims/catkin_ws/devel/.private/dji_sdk/include/dji_sdk/MissionWpGetInfo.h, /home/aims/catkin_ws/devel/include/dji_sdk/MissionWpGetInfo.h)
Linked: (/home/aims/catkin_ws/devel/.private/dji_sdk/include/dji_sdk/SDKControlAuthorityRequest.h, /home/aims/catkin_ws/devel/include/dji_sdk/SDKControlAuthorityRequest.h)
Linked: (/home/aims/catkin_ws/devel/.private/dji_sdk/include/dji_sdk/MFIOConfigRequest.h, /home/aims/catkin_ws/devel/include/dji_sdk/MFIOConfigRequest.h)
Linked: (/home/aims/catkin_ws/devel/.private/dji_sdk/include/dji_sdk/MissionWpUploadRequest.h, /home/aims/catkin_ws/devel/include/dji_sdk/MissionWpUploadRequest.h)
Linked: (/home/aims/catkin_ws/devel/.private/dji_sdk/include/dji_sdk/SendMobileData.h, /home/aims/catkin_ws/devel/include/dji_sdk/SendMobileData.h)
Linked: (/home/aims/catkin_ws/devel/.private/dji_sdk/include/dji_sdk/MissionHpGetInfo.h, /home/aims/catkin_ws/devel/include/dji_sdk/MissionHpGetInfo.h)
Linked: (/home/aims/catkin_ws/devel/.private/dji_sdk/include/dji_sdk/MFIOConfigResponse.h, /home/aims/catkin_ws/devel/include/dji_sdk/MFIOConfigResponse.h)
Linked: (/home/aims/catkin_ws/devel/.private/dji_sdk/include/dji_sdk/MissionHpGetInfoResponse.h, /home/aims/catkin_ws/devel/include/dji_sdk/MissionHpGetInfoResponse.h)
Linked: (/home/aims/catkin_ws/devel/.private/dji_sdk/include/dji_sdk/PayloadData.h, /home/aims/catkin_ws/devel/include/dji_sdk/PayloadData.h)
Linked: (/home/aims/catkin_ws/devel/.private/dji_sdk/include/dji_sdk/MissionWaypoint.h, /home/aims/catkin_ws/devel/include/dji_sdk/MissionWaypoint.h)
Linked: (/home/aims/catkin_ws/devel/.private/dji_sdk/include/dji_sdk/MFIOSetValueResponse.h, /home/aims/catkin_ws/devel/include/dji_sdk/MFIOSetValueResponse.h)
Linked: (/home/aims/catkin_ws/devel/.private/dji_sdk/include/dji_sdk/StereoVGASubscription.h, /home/aims/catkin_ws/devel/include/dji_sdk/StereoVGASubscription.h)
Linked: (/home/aims/catkin_ws/devel/.private/dji_sdk/include/dji_sdk/VOPosition.h, /home/aims/catkin_ws/devel/include/dji_sdk/VOPosition.h)
Linked: (/home/aims/catkin_ws/devel/.private/dji_sdk/include/dji_sdk/MissionWpActionResponse.h, /home/aims/catkin_ws/devel/include/dji_sdk/MissionWpActionResponse.h)
Linked: (/home/aims/catkin_ws/devel/.private/dji_sdk/include/dji_sdk/WaypointList.h, /home/aims/catkin_ws/devel/include/dji_sdk/WaypointList.h)
Linked: (/home/aims/catkin_ws/devel/.private/dji_sdk/include/dji_sdk/QueryDroneVersion.h, /home/aims/catkin_ws/devel/include/dji_sdk/QueryDroneVersion.h)
Linked: (/home/aims/catkin_ws/devel/.private/dji_sdk/include/dji_sdk/CameraAction.h, /home/aims/catkin_ws/devel/include/dji_sdk/CameraAction.h)
Linked: (/home/aims/catkin_ws/devel/.private/dji_sdk/include/dji_sdk/MissionHpActionResponse.h, /home/aims/catkin_ws/devel/include/dji_sdk/MissionHpActionResponse.h)
Linked: (/home/aims/catkin_ws/devel/.private/dji_sdk/include/dji_sdk/DroneTaskControlResponse.h, /home/aims/catkin_ws/devel/include/dji_sdk/DroneTaskControlResponse.h)
Linked: (/home/aims/catkin_ws/devel/.private/dji_sdk/include/dji_sdk/MFIOSetValue.h, /home/aims/catkin_ws/devel/include/dji_sdk/MFIOSetValue.h)
Linked: (/home/aims/catkin_ws/devel/.private/dji_sdk/include/dji_sdk/StereoDepthSubscriptionResponse.h, /home/aims/catkin_ws/devel/include/dji_sdk/StereoDepthSubscriptionResponse.h)
Linked: (/home/aims/catkin_ws/devel/.private/dji_sdk/include/dji_sdk/MissionWpUploadResponse.h, /home/aims/catkin_ws/devel/include/dji_sdk/MissionWpUploadResponse.h)
Linked: (/home/aims/catkin_ws/devel/.private/dji_sdk/include/dji_sdk/MissionStatus.h, /home/aims/catkin_ws/devel/include/dji_sdk/MissionStatus.h)
Linked: (/home/aims/catkin_ws/devel/.private/dji_sdk/include/dji_sdk/FCTimeInUTC.h, /home/aims/catkin_ws/devel/include/dji_sdk/FCTimeInUTC.h)
Linked: (/home/aims/catkin_ws/devel/.private/dji_sdk/include/dji_sdk/DroneArmControlResponse.h, /home/aims/catkin_ws/devel/include/dji_sdk/DroneArmControlResponse.h)
Linked: (/home/aims/catkin_ws/devel/.private/dji_sdk/include/dji_sdk/MissionHpAction.h, /home/aims/catkin_ws/devel/include/dji_sdk/MissionHpAction.h)
Linked: (/home/aims/catkin_ws/devel/.private/dji_sdk/include/dji_sdk/MissionHpUpdateRadiusRequest.h, /home/aims/catkin_ws/devel/include/dji_sdk/MissionHpUpdateRadiusRequest.h)
Linked: (/home/aims/catkin_ws/devel/.private/dji_sdk/include/dji_sdk/Waypoint.h, /home/aims/catkin_ws/devel/include/dji_sdk/Waypoint.h)
Linked: (/home/aims/catkin_ws/devel/.private/dji_sdk/include/dji_sdk/MFIOSetValueRequest.h, /home/aims/catkin_ws/devel/include/dji_sdk/MFIOSetValueRequest.h)
Linked: (/home/aims/catkin_ws/devel/.private/dji_sdk/include/dji_sdk/MissionWpAction.h, /home/aims/catkin_ws/devel/include/dji_sdk/MissionWpAction.h)
Linked: (/home/aims/catkin_ws/devel/.private/dji_sdk/include/dji_sdk/MissionHpGetInfoRequest.h, /home/aims/catkin_ws/devel/include/dji_sdk/MissionHpGetInfoRequest.h)
Linked: (/home/aims/catkin_ws/devel/.private/dji_sdk/include/dji_sdk/SetupCameraStreamRequest.h, /home/aims/catkin_ws/devel/include/dji_sdk/SetupCameraStreamRequest.h)
Linked: (/home/aims/catkin_ws/devel/.private/dji_sdk/include/dji_sdk/Activation.h, /home/aims/catkin_ws/devel/include/dji_sdk/Activation.h)
Linked: (/home/aims/catkin_ws/devel/.private/dji_sdk/include/dji_sdk/MissionHpUpdateRadius.h, /home/aims/catkin_ws/devel/include/dji_sdk/MissionHpUpdateRadius.h)
Linked: (/home/aims/catkin_ws/devel/.private/dji_sdk/include/dji_sdk/MissionWpGetSpeed.h, /home/aims/catkin_ws/devel/include/dji_sdk/MissionWpGetSpeed.h)
Linked: (/home/aims/catkin_ws/devel/.private/dji_sdk/include/dji_sdk/SetHardSyncRequest.h, /home/aims/catkin_ws/devel/include/dji_sdk/SetHardSyncRequest.h)
Linked: (/home/aims/catkin_ws/devel/.private/dji_sdk/include/dji_sdk/StereoDepthSubscription.h, /home/aims/catkin_ws/devel/include/dji_sdk/StereoDepthSubscription.h)
Linked: (/home/aims/catkin_ws/devel/.private/dji_sdk/include/dji_sdk/MissionHpUpdateYawRateResponse.h, /home/aims/catkin_ws/devel/include/dji_sdk/MissionHpUpdateYawRateResponse.h)
Linked: (/home/aims/catkin_ws/devel/.private/dji_sdk/include/dji_sdk/QueryDroneVersionResponse.h, /home/aims/catkin_ws/devel/include/dji_sdk/QueryDroneVersionResponse.h)
Linked: (/home/aims/catkin_ws/devel/.private/dji_sdk/include/dji_sdk/MissionHpResetYawResponse.h, /home/aims/catkin_ws/devel/include/dji_sdk/MissionHpResetYawResponse.h)
Linked: (/home/aims/catkin_ws/devel/.private/dji_sdk/include/dji_sdk/StereoVGASubscriptionResponse.h, /home/aims/catkin_ws/devel/include/dji_sdk/StereoVGASubscriptionResponse.h)
Linked: (/home/aims/catkin_ws/devel/.private/dji_sdk/include/dji_sdk/MissionWpUpload.h, /home/aims/catkin_ws/devel/include/dji_sdk/MissionWpUpload.h)
Linked: (/home/aims/catkin_ws/devel/.private/dji_sdk/include/dji_sdk/MissionWpSetSpeedRequest.h, /home/aims/catkin_ws/devel/include/dji_sdk/MissionWpSetSpeedRequest.h)
Linked: (/home/aims/catkin_ws/devel/.private/dji_sdk/include/dji_sdk/SendPayloadData.h, /home/aims/catkin_ws/devel/include/dji_sdk/SendPayloadData.h)
Linked: (/home/aims/catkin_ws/devel/.private/dji_sdk/include/dji_sdk/MissionHpUploadResponse.h, /home/aims/catkin_ws/devel/include/dji_sdk/MissionHpUploadResponse.h)
Linked: (/home/aims/catkin_ws/devel/.private/dji_sdk/include/dji_sdk/ActivationRequest.h, /home/aims/catkin_ws/devel/include/dji_sdk/ActivationRequest.h)
Linked: (/home/aims/catkin_ws/devel/.private/dji_sdk/include/dji_sdk/MissionWpGetInfoRequest.h, /home/aims/catkin_ws/devel/include/dji_sdk/MissionWpGetInfoRequest.h)
Linked: (/home/aims/catkin_ws/devel/.private/dji_sdk/include/dji_sdk/SendPayloadDataResponse.h, /home/aims/catkin_ws/devel/include/dji_sdk/SendPayloadDataResponse.h)
Linked: (/home/aims/catkin_ws/devel/.private/dji_sdk/include/dji_sdk/SDKControlAuthority.h, /home/aims/catkin_ws/devel/include/dji_sdk/SDKControlAuthority.h)
Linked: (/home/aims/catkin_ws/devel/.private/dji_sdk/include/dji_sdk/GPSUTC.h, /home/aims/catkin_ws/devel/include/dji_sdk/GPSUTC.h)
Linked: (/home/aims/catkin_ws/devel/.private/dji_sdk/include/dji_sdk/MissionWpGetSpeedRequest.h, /home/aims/catkin_ws/devel/include/dji_sdk/MissionWpGetSpeedRequest.h)
Linked: (/home/aims/catkin_ws/devel/.private/dji_sdk/include/dji_sdk/MobileData.h, /home/aims/catkin_ws/devel/include/dji_sdk/MobileData.h)
Linked: (/home/aims/catkin_ws/devel/.private/dji_sdk/include/dji_sdk/Stereo240pSubscription.h, /home/aims/catkin_ws/devel/include/dji_sdk/Stereo240pSubscription.h)
Linked: (/home/aims/catkin_ws/devel/.private/dji_sdk/include/dji_sdk/CameraActionRequest.h, /home/aims/catkin_ws/devel/include/dji_sdk/CameraActionRequest.h)
Linked: (/home/aims/catkin_ws/devel/.private/dji_sdk/include/dji_sdk/StereoDepthSubscriptionRequest.h, /home/aims/catkin_ws/devel/include/dji_sdk/StereoDepthSubscriptionRequest.h)
Linked: (/home/aims/catkin_ws/devel/.private/dji_sdk/include/dji_sdk/DroneTaskControlRequest.h, /home/aims/catkin_ws/devel/include/dji_sdk/DroneTaskControlRequest.h)
Linked: (/home/aims/catkin_ws/devel/.private/dji_sdk/include/dji_sdk/SetHardSync.h, /home/aims/catkin_ws/devel/include/dji_sdk/SetHardSync.h)
Linked: (/home/aims/catkin_ws/devel/.private/dji_sdk/include/dji_sdk/MissionHpUpload.h, /home/aims/catkin_ws/devel/include/dji_sdk/MissionHpUpload.h)
Linked: (/home/aims/catkin_ws/devel/.private/dji_sdk/include/dji_sdk/SetLocalPosRefRequest.h, /home/aims/catkin_ws/devel/include/dji_sdk/SetLocalPosRefRequest.h)
Linked: (/home/aims/catkin_ws/devel/.private/dji_sdk/include/dji_sdk/MissionStatusRequest.h, /home/aims/catkin_ws/devel/include/dji_sdk/MissionStatusRequest.h)
Linked: (/home/aims/catkin_ws/devel/.private/dji_sdk/include/dji_sdk/SetLocalPosRefResponse.h, /home/aims/catkin_ws/devel/include/dji_sdk/SetLocalPosRefResponse.h)
Linked: (/home/aims/catkin_ws/devel/.private/dji_sdk/include/dji_sdk/SetHardSyncResponse.h, /home/aims/catkin_ws/devel/include/dji_sdk/SetHardSyncResponse.h)
Linked: (/home/aims/catkin_ws/devel/.private/dji_sdk/include/dji_sdk/MissionWpGetSpeedResponse.h, /home/aims/catkin_ws/devel/include/dji_sdk/MissionWpGetSpeedResponse.h)
Linked: (/home/aims/catkin_ws/devel/.private/dji_sdk/include/dji_sdk/MissionWaypointAction.h, /home/aims/catkin_ws/devel/include/dji_sdk/MissionWaypointAction.h)
Linked: (/home/aims/catkin_ws/devel/.private/dji_sdk/include/dji_sdk/MissionStatusResponse.h, /home/aims/catkin_ws/devel/include/dji_sdk/MissionStatusResponse.h)
Linked: (/home/aims/catkin_ws/devel/.private/dji_sdk/include/dji_sdk/SDKControlAuthorityResponse.h, /home/aims/catkin_ws/devel/include/dji_sdk/SDKControlAuthorityResponse.h)
Linked: (/home/aims/catkin_ws/devel/.private/dji_sdk/include/dji_sdk/DroneTaskControl.h, /home/aims/catkin_ws/devel/include/dji_sdk/DroneTaskControl.h)
Linked: (/home/aims/catkin_ws/devel/.private/dji_sdk/include/dji_sdk/MissionHotpointTask.h, /home/aims/catkin_ws/devel/include/dji_sdk/MissionHotpointTask.h)
Linked: (/home/aims/catkin_ws/devel/.private/dji_sdk/include/dji_sdk/SetupCameraStream.h, /home/aims/catkin_ws/devel/include/dji_sdk/SetupCameraStream.h)
Linked: (/home/aims/catkin_ws/devel/.private/dji_sdk/include/dji_sdk/DroneArmControl.h, /home/aims/catkin_ws/devel/include/dji_sdk/DroneArmControl.h)
Linked: (/home/aims/catkin_ws/devel/.private/dji_sdk/include/dji_sdk/MissionHpUpdateRadiusResponse.h, /home/aims/catkin_ws/devel/include/dji_sdk/MissionHpUpdateRadiusResponse.h)
Linked: (/home/aims/catkin_ws/devel/.private/dji_sdk/include/dji_sdk/MissionWpGetInfoResponse.h, /home/aims/catkin_ws/devel/include/dji_sdk/MissionWpGetInfoResponse.h)
Linked: (/home/aims/catkin_ws/devel/.private/dji_sdk/include/dji_sdk/MissionWpActionRequest.h, /home/aims/catkin_ws/devel/include/dji_sdk/MissionWpActionRequest.h)
Linked: (/home/aims/catkin_ws/devel/.private/dji_sdk/include/dji_sdk/MissionHpUpdateYawRate.h, /home/aims/catkin_ws/devel/include/dji_sdk/MissionHpUpdateYawRate.h)
Linked: (/home/aims/catkin_ws/devel/.private/dji_sdk/include/dji_sdk/MFIOConfig.h, /home/aims/catkin_ws/devel/include/dji_sdk/MFIOConfig.h)
Linked: (/home/aims/catkin_ws/devel/.private/dji_sdk/include/dji_sdk/SetLocalPosRef.h, /home/aims/catkin_ws/devel/include/dji_sdk/SetLocalPosRef.h)
Linked: (/home/aims/catkin_ws/devel/.private/dji_sdk/include/dji_sdk/Gimbal.h, /home/aims/catkin_ws/devel/include/dji_sdk/Gimbal.h)
Linked: (/home/aims/catkin_ws/devel/.private/dji_sdk/include/dji_sdk/MissionHpUploadRequest.h, /home/aims/catkin_ws/devel/include/dji_sdk/MissionHpUploadRequest.h)
Linked: (/home/aims/catkin_ws/devel/.private/dji_sdk/include/dji_sdk/MissionWpSetSpeed.h, /home/aims/catkin_ws/devel/include/dji_sdk/MissionWpSetSpeed.h)
Linked: (/home/aims/catkin_ws/devel/.private/dji_sdk/include/dji_sdk/StereoVGASubscriptionRequest.h, /home/aims/catkin_ws/devel/include/dji_sdk/StereoVGASubscriptionRequest.h)
Linked: (/home/aims/catkin_ws/devel/.private/dji_sdk/share/gennodejs/ros/dji_sdk/_index.js, /home/aims/catkin_ws/devel/share/gennodejs/ros/dji_sdk/_index.js)
Linked: (/home/aims/catkin_ws/devel/.private/dji_sdk/share/gennodejs/ros/dji_sdk/msg/GPSUTC.js, /home/aims/catkin_ws/devel/share/gennodejs/ros/dji_sdk/msg/GPSUTC.js)
Linked: (/home/aims/catkin_ws/devel/.private/dji_sdk/share/gennodejs/ros/dji_sdk/msg/FCTimeInUTC.js, /home/aims/catkin_ws/devel/share/gennodejs/ros/dji_sdk/msg/FCTimeInUTC.js)
Linked: (/home/aims/catkin_ws/devel/.private/dji_sdk/share/gennodejs/ros/dji_sdk/msg/VOPosition.js, /home/aims/catkin_ws/devel/share/gennodejs/ros/dji_sdk/msg/VOPosition.js)
Linked: (/home/aims/catkin_ws/devel/.private/dji_sdk/share/gennodejs/ros/dji_sdk/msg/_index.js, /home/aims/catkin_ws/devel/share/gennodejs/ros/dji_sdk/msg/_index.js)
Linked: (/home/aims/catkin_ws/devel/.private/dji_sdk/share/gennodejs/ros/dji_sdk/msg/MobileData.js, /home/aims/catkin_ws/devel/share/gennodejs/ros/dji_sdk/msg/MobileData.js)
Linked: (/home/aims/catkin_ws/devel/.private/dji_sdk/share/gennodejs/ros/dji_sdk/msg/FlightAnomaly.js, /home/aims/catkin_ws/devel/share/gennodejs/ros/dji_sdk/msg/FlightAnomaly.js)
Linked: (/home/aims/catkin_ws/devel/.private/dji_sdk/share/gennodejs/ros/dji_sdk/msg/MissionWaypointAction.js, /home/aims/catkin_ws/devel/share/gennodejs/ros/dji_sdk/msg/MissionWaypointAction.js)
Linked: (/home/aims/catkin_ws/devel/.private/dji_sdk/share/gennodejs/ros/dji_sdk/msg/Waypoint.js, /home/aims/catkin_ws/devel/share/gennodejs/ros/dji_sdk/msg/Waypoint.js)
Linked: (/home/aims/catkin_ws/devel/.private/dji_sdk/share/gennodejs/ros/dji_sdk/msg/Gimbal.js, /home/aims/catkin_ws/devel/share/gennodejs/ros/dji_sdk/msg/Gimbal.js)
Linked: (/home/aims/catkin_ws/devel/.private/dji_sdk/share/gennodejs/ros/dji_sdk/msg/WaypointList.js, /home/aims/catkin_ws/devel/share/gennodejs/ros/dji_sdk/msg/WaypointList.js)
Linked: (/home/aims/catkin_ws/devel/.private/dji_sdk/share/gennodejs/ros/dji_sdk/msg/MissionHotpointTask.js, /home/aims/catkin_ws/devel/share/gennodejs/ros/dji_sdk/msg/MissionHotpointTask.js)
Linked: (/home/aims/catkin_ws/devel/.private/dji_sdk/share/gennodejs/ros/dji_sdk/msg/PayloadData.js, /home/aims/catkin_ws/devel/share/gennodejs/ros/dji_sdk/msg/PayloadData.js)
Linked: (/home/aims/catkin_ws/devel/.private/dji_sdk/share/gennodejs/ros/dji_sdk/msg/MissionWaypoint.js, /home/aims/catkin_ws/devel/share/gennodejs/ros/dji_sdk/msg/MissionWaypoint.js)
Linked: (/home/aims/catkin_ws/devel/.private/dji_sdk/share/gennodejs/ros/dji_sdk/msg/MissionWaypointTask.js, /home/aims/catkin_ws/devel/share/gennodejs/ros/dji_sdk/msg/MissionWaypointTask.js)
Linked: (/home/aims/catkin_ws/devel/.private/dji_sdk/share/gennodejs/ros/dji_sdk/srv/MissionHpResetYaw.js, /home/aims/catkin_ws/devel/share/gennodejs/ros/dji_sdk/srv/MissionHpResetYaw.js)
Linked: (/home/aims/catkin_ws/devel/.private/dji_sdk/share/gennodejs/ros/dji_sdk/srv/MissionWpSetSpeed.js, /home/aims/catkin_ws/devel/share/gennodejs/ros/dji_sdk/srv/MissionWpSetSpeed.js)
Linked: (/home/aims/catkin_ws/devel/.private/dji_sdk/share/gennodejs/ros/dji_sdk/srv/MissionWpAction.js, /home/aims/catkin_ws/devel/share/gennodejs/ros/dji_sdk/srv/MissionWpAction.js)
Linked: (/home/aims/catkin_ws/devel/.private/dji_sdk/share/gennodejs/ros/dji_sdk/srv/SendPayloadData.js, /home/aims/catkin_ws/devel/share/gennodejs/ros/dji_sdk/srv/SendPayloadData.js)
Linked: (/home/aims/catkin_ws/devel/.private/dji_sdk/share/gennodejs/ros/dji_sdk/srv/MFIOConfig.js, /home/aims/catkin_ws/devel/share/gennodejs/ros/dji_sdk/srv/MFIOConfig.js)
Linked: (/home/aims/catkin_ws/devel/.private/dji_sdk/share/gennodejs/ros/dji_sdk/srv/QueryDroneVersion.js, /home/aims/catkin_ws/devel/share/gennodejs/ros/dji_sdk/srv/QueryDroneVersion.js)
Linked: (/home/aims/catkin_ws/devel/.private/dji_sdk/share/gennodejs/ros/dji_sdk/srv/MissionStatus.js, /home/aims/catkin_ws/devel/share/gennodejs/ros/dji_sdk/srv/MissionStatus.js)
Linked: (/home/aims/catkin_ws/devel/.private/dji_sdk/share/gennodejs/ros/dji_sdk/srv/Activation.js, /home/aims/catkin_ws/devel/share/gennodejs/ros/dji_sdk/srv/Activation.js)
Linked: (/home/aims/catkin_ws/devel/.private/dji_sdk/share/gennodejs/ros/dji_sdk/srv/CameraAction.js, /home/aims/catkin_ws/devel/share/gennodejs/ros/dji_sdk/srv/CameraAction.js)
Linked: (/home/aims/catkin_ws/devel/.private/dji_sdk/share/gennodejs/ros/dji_sdk/srv/SetHardSync.js, /home/aims/catkin_ws/devel/share/gennodejs/ros/dji_sdk/srv/SetHardSync.js)
Linked: (/home/aims/catkin_ws/devel/.private/dji_sdk/share/gennodejs/ros/dji_sdk/srv/_index.js, /home/aims/catkin_ws/devel/share/gennodejs/ros/dji_sdk/srv/_index.js)
Linked: (/home/aims/catkin_ws/devel/.private/dji_sdk/share/gennodejs/ros/dji_sdk/srv/DroneArmControl.js, /home/aims/catkin_ws/devel/share/gennodejs/ros/dji_sdk/srv/DroneArmControl.js)
Linked: (/home/aims/catkin_ws/devel/.private/dji_sdk/share/gennodejs/ros/dji_sdk/srv/MissionWpGetSpeed.js, /home/aims/catkin_ws/devel/share/gennodejs/ros/dji_sdk/srv/MissionWpGetSpeed.js)
Linked: (/home/aims/catkin_ws/devel/.private/dji_sdk/share/gennodejs/ros/dji_sdk/srv/SetLocalPosRef.js, /home/aims/catkin_ws/devel/share/gennodejs/ros/dji_sdk/srv/SetLocalPosRef.js)
Linked: (/home/aims/catkin_ws/devel/.private/dji_sdk/share/gennodejs/ros/dji_sdk/srv/SetupCameraStream.js, /home/aims/catkin_ws/devel/share/gennodejs/ros/dji_sdk/srv/SetupCameraStream.js)
Linked: (/home/aims/catkin_ws/devel/.private/dji_sdk/share/gennodejs/ros/dji_sdk/srv/StereoVGASubscription.js, /home/aims/catkin_ws/devel/share/gennodejs/ros/dji_sdk/srv/StereoVGASubscription.js)
Linked: (/home/aims/catkin_ws/devel/.private/dji_sdk/share/gennodejs/ros/dji_sdk/srv/DroneTaskControl.js, /home/aims/catkin_ws/devel/share/gennodejs/ros/dji_sdk/srv/DroneTaskControl.js)
Linked: (/home/aims/catkin_ws/devel/.private/dji_sdk/share/gennodejs/ros/dji_sdk/srv/MissionHpGetInfo.js, /home/aims/catkin_ws/devel/share/gennodejs/ros/dji_sdk/srv/MissionHpGetInfo.js)
Linked: (/home/aims/catkin_ws/devel/.private/dji_sdk/share/gennodejs/ros/dji_sdk/srv/MissionHpUpload.js, /home/aims/catkin_ws/devel/share/gennodejs/ros/dji_sdk/srv/MissionHpUpload.js)
Linked: (/home/aims/catkin_ws/devel/.private/dji_sdk/share/gennodejs/ros/dji_sdk/srv/MFIOSetValue.js, /home/aims/catkin_ws/devel/share/gennodejs/ros/dji_sdk/srv/MFIOSetValue.js)
Linked: (/home/aims/catkin_ws/devel/.private/dji_sdk/share/gennodejs/ros/dji_sdk/srv/MissionHpUpdateRadius.js, /home/aims/catkin_ws/devel/share/gennodejs/ros/dji_sdk/srv/MissionHpUpdateRadius.js)
Linked: (/home/aims/catkin_ws/devel/.private/dji_sdk/share/gennodejs/ros/dji_sdk/srv/Stereo240pSubscription.js, /home/aims/catkin_ws/devel/share/gennodejs/ros/dji_sdk/srv/Stereo240pSubscription.js)
Linked: (/home/aims/catkin_ws/devel/.private/dji_sdk/share/gennodejs/ros/dji_sdk/srv/StereoDepthSubscription.js, /home/aims/catkin_ws/devel/share/gennodejs/ros/dji_sdk/srv/StereoDepthSubscription.js)
Linked: (/home/aims/catkin_ws/devel/.private/dji_sdk/share/gennodejs/ros/dji_sdk/srv/SendMobileData.js, /home/aims/catkin_ws/devel/share/gennodejs/ros/dji_sdk/srv/SendMobileData.js)
Linked: (/home/aims/catkin_ws/devel/.private/dji_sdk/share/gennodejs/ros/dji_sdk/srv/SDKControlAuthority.js, /home/aims/catkin_ws/devel/share/gennodejs/ros/dji_sdk/srv/SDKControlAuthority.js)
Linked: (/home/aims/catkin_ws/devel/.private/dji_sdk/share/gennodejs/ros/dji_sdk/srv/MissionHpUpdateYawRate.js, /home/aims/catkin_ws/devel/share/gennodejs/ros/dji_sdk/srv/MissionHpUpdateYawRate.js)
Linked: (/home/aims/catkin_ws/devel/.private/dji_sdk/share/gennodejs/ros/dji_sdk/srv/MissionWpUpload.js, /home/aims/catkin_ws/devel/share/gennodejs/ros/dji_sdk/srv/MissionWpUpload.js)
Linked: (/home/aims/catkin_ws/devel/.private/dji_sdk/share/gennodejs/ros/dji_sdk/srv/MissionHpAction.js, /home/aims/catkin_ws/devel/share/gennodejs/ros/dji_sdk/srv/MissionHpAction.js)
Linked: (/home/aims/catkin_ws/devel/.private/dji_sdk/share/gennodejs/ros/dji_sdk/srv/MissionWpGetInfo.js, /home/aims/catkin_ws/devel/share/gennodejs/ros/dji_sdk/srv/MissionWpGetInfo.js)
Linked: (/home/aims/catkin_ws/devel/.private/dji_sdk/share/dji_sdk/cmake/dji_sdk-msg-paths.cmake, /home/aims/catkin_ws/devel/share/dji_sdk/cmake/dji_sdk-msg-paths.cmake)
Linked: (/home/aims/catkin_ws/devel/.private/dji_sdk/share/dji_sdk/cmake/dji_sdk-msg-extras.cmake, /home/aims/catkin_ws/devel/share/dji_sdk/cmake/dji_sdk-msg-extras.cmake)
Linked: (/home/aims/catkin_ws/devel/.private/dji_sdk/share/dji_sdk/cmake/dji_sdkConfig.cmake, /home/aims/catkin_ws/devel/share/dji_sdk/cmake/dji_sdkConfig.cmake)
Linked: (/home/aims/catkin_ws/devel/.private/dji_sdk/share/dji_sdk/cmake/dji_sdkConfig-version.cmake, /home/aims/catkin_ws/devel/share/dji_sdk/cmake/dji_sdkConfig-version.cmake)
Linked: (/home/aims/catkin_ws/devel/.private/dji_sdk/share/common-lisp/ros/dji_sdk/msg/PayloadData.lisp, /home/aims/catkin_ws/devel/share/common-lisp/ros/dji_sdk/msg/PayloadData.lisp)
Linked: (/home/aims/catkin_ws/devel/.private/dji_sdk/share/common-lisp/ros/dji_sdk/msg/VOPosition.lisp, /home/aims/catkin_ws/devel/share/common-lisp/ros/dji_sdk/msg/VOPosition.lisp)
Linked: (/home/aims/catkin_ws/devel/.private/dji_sdk/share/common-lisp/ros/dji_sdk/msg/_package_VOPosition.lisp, /home/aims/catkin_ws/devel/share/common-lisp/ros/dji_sdk/msg/_package_VOPosition.lisp)
Linked: (/home/aims/catkin_ws/devel/.private/dji_sdk/share/common-lisp/ros/dji_sdk/msg/FCTimeInUTC.lisp, /home/aims/catkin_ws/devel/share/common-lisp/ros/dji_sdk/msg/FCTimeInUTC.lisp)
Linked: (/home/aims/catkin_ws/devel/.private/dji_sdk/share/common-lisp/ros/dji_sdk/msg/MissionWaypointTask.lisp, /home/aims/catkin_ws/devel/share/common-lisp/ros/dji_sdk/msg/MissionWaypointTask.lisp)
Linked: (/home/aims/catkin_ws/devel/.private/dji_sdk/share/common-lisp/ros/dji_sdk/msg/Gimbal.lisp, /home/aims/catkin_ws/devel/share/common-lisp/ros/dji_sdk/msg/Gimbal.lisp)
Linked: (/home/aims/catkin_ws/devel/.private/dji_sdk/share/common-lisp/ros/dji_sdk/msg/Waypoint.lisp, /home/aims/catkin_ws/devel/share/common-lisp/ros/dji_sdk/msg/Waypoint.lisp)
Linked: (/home/aims/catkin_ws/devel/.private/dji_sdk/share/common-lisp/ros/dji_sdk/msg/_package_FlightAnomaly.lisp, /home/aims/catkin_ws/devel/share/common-lisp/ros/dji_sdk/msg/_package_FlightAnomaly.lisp)
Linked: (/home/aims/catkin_ws/devel/.private/dji_sdk/share/common-lisp/ros/dji_sdk/msg/GPSUTC.lisp, /home/aims/catkin_ws/devel/share/common-lisp/ros/dji_sdk/msg/GPSUTC.lisp)
Linked: (/home/aims/catkin_ws/devel/.private/dji_sdk/share/common-lisp/ros/dji_sdk/msg/_package_MissionWaypoint.lisp, /home/aims/catkin_ws/devel/share/common-lisp/ros/dji_sdk/msg/_package_MissionWaypoint.lisp)
Linked: (/home/aims/catkin_ws/devel/.private/dji_sdk/share/common-lisp/ros/dji_sdk/msg/MissionHotpointTask.lisp, /home/aims/catkin_ws/devel/share/common-lisp/ros/dji_sdk/msg/MissionHotpointTask.lisp)
Linked: (/home/aims/catkin_ws/devel/.private/dji_sdk/share/common-lisp/ros/dji_sdk/msg/_package_MissionWaypointTask.lisp, /home/aims/catkin_ws/devel/share/common-lisp/ros/dji_sdk/msg/_package_MissionWaypointTask.lisp)
Linked: (/home/aims/catkin_ws/devel/.private/dji_sdk/share/common-lisp/ros/dji_sdk/msg/MissionWaypoint.lisp, /home/aims/catkin_ws/devel/share/common-lisp/ros/dji_sdk/msg/MissionWaypoint.lisp)
Linked: (/home/aims/catkin_ws/devel/.private/dji_sdk/share/common-lisp/ros/dji_sdk/msg/_package_Gimbal.lisp, /home/aims/catkin_ws/devel/share/common-lisp/ros/dji_sdk/msg/_package_Gimbal.lisp)
Linked: (/home/aims/catkin_ws/devel/.private/dji_sdk/share/common-lisp/ros/dji_sdk/msg/_package_FCTimeInUTC.lisp, /home/aims/catkin_ws/devel/share/common-lisp/ros/dji_sdk/msg/_package_FCTimeInUTC.lisp)
Linked: (/home/aims/catkin_ws/devel/.private/dji_sdk/share/common-lisp/ros/dji_sdk/msg/MobileData.lisp, /home/aims/catkin_ws/devel/share/common-lisp/ros/dji_sdk/msg/MobileData.lisp)
Linked: (/home/aims/catkin_ws/devel/.private/dji_sdk/share/common-lisp/ros/dji_sdk/msg/dji_sdk-msg.asd, /home/aims/catkin_ws/devel/share/common-lisp/ros/dji_sdk/msg/dji_sdk-msg.asd)
Linked: (/home/aims/catkin_ws/devel/.private/dji_sdk/share/common-lisp/ros/dji_sdk/msg/FlightAnomaly.lisp, /home/aims/catkin_ws/devel/share/common-lisp/ros/dji_sdk/msg/FlightAnomaly.lisp)
Linked: (/home/aims/catkin_ws/devel/.private/dji_sdk/share/common-lisp/ros/dji_sdk/msg/WaypointList.lisp, /home/aims/catkin_ws/devel/share/common-lisp/ros/dji_sdk/msg/WaypointList.lisp)
Linked: (/home/aims/catkin_ws/devel/.private/dji_sdk/share/common-lisp/ros/dji_sdk/msg/_package_WaypointList.lisp, /home/aims/catkin_ws/devel/share/common-lisp/ros/dji_sdk/msg/_package_WaypointList.lisp)
Linked: (/home/aims/catkin_ws/devel/.private/dji_sdk/share/common-lisp/ros/dji_sdk/msg/_package_MobileData.lisp, /home/aims/catkin_ws/devel/share/common-lisp/ros/dji_sdk/msg/_package_MobileData.lisp)
Linked: (/home/aims/catkin_ws/devel/.private/dji_sdk/share/common-lisp/ros/dji_sdk/msg/MissionWaypointAction.lisp, /home/aims/catkin_ws/devel/share/common-lisp/ros/dji_sdk/msg/MissionWaypointAction.lisp)
Linked: (/home/aims/catkin_ws/devel/.private/dji_sdk/share/common-lisp/ros/dji_sdk/msg/_package.lisp, /home/aims/catkin_ws/devel/share/common-lisp/ros/dji_sdk/msg/_package.lisp)
Linked: (/home/aims/catkin_ws/devel/.private/dji_sdk/share/common-lisp/ros/dji_sdk/msg/_package_PayloadData.lisp, /home/aims/catkin_ws/devel/share/common-lisp/ros/dji_sdk/msg/_package_PayloadData.lisp)
Linked: (/home/aims/catkin_ws/devel/.private/dji_sdk/share/common-lisp/ros/dji_sdk/msg/_package_MissionHotpointTask.lisp, /home/aims/catkin_ws/devel/share/common-lisp/ros/dji_sdk/msg/_package_MissionHotpointTask.lisp)
Linked: (/home/aims/catkin_ws/devel/.private/dji_sdk/share/common-lisp/ros/dji_sdk/msg/_package_MissionWaypointAction.lisp, /home/aims/catkin_ws/devel/share/common-lisp/ros/dji_sdk/msg/_package_MissionWaypointAction.lisp)
Linked: (/home/aims/catkin_ws/devel/.private/dji_sdk/share/common-lisp/ros/dji_sdk/msg/_package_GPSUTC.lisp, /home/aims/catkin_ws/devel/share/common-lisp/ros/dji_sdk/msg/_package_GPSUTC.lisp)
Linked: (/home/aims/catkin_ws/devel/.private/dji_sdk/share/common-lisp/ros/dji_sdk/msg/_package_Waypoint.lisp, /home/aims/catkin_ws/devel/share/common-lisp/ros/dji_sdk/msg/_package_Waypoint.lisp)
Linked: (/home/aims/catkin_ws/devel/.private/dji_sdk/share/common-lisp/ros/dji_sdk/srv/_package_SetupCameraStream.lisp, /home/aims/catkin_ws/devel/share/common-lisp/ros/dji_sdk/srv/_package_SetupCameraStream.lisp)
Linked: (/home/aims/catkin_ws/devel/.private/dji_sdk/share/common-lisp/ros/dji_sdk/srv/_package_MFIOSetValue.lisp, /home/aims/catkin_ws/devel/share/common-lisp/ros/dji_sdk/srv/_package_MFIOSetValue.lisp)
Linked: (/home/aims/catkin_ws/devel/.private/dji_sdk/share/common-lisp/ros/dji_sdk/srv/_package_MissionHpUpdateYawRate.lisp, /home/aims/catkin_ws/devel/share/common-lisp/ros/dji_sdk/srv/_package_MissionHpUpdateYawRate.lisp)
Linked: (/home/aims/catkin_ws/devel/.private/dji_sdk/share/common-lisp/ros/dji_sdk/srv/SendPayloadData.lisp, /home/aims/catkin_ws/devel/share/common-lisp/ros/dji_sdk/srv/SendPayloadData.lisp)
Linked: (/home/aims/catkin_ws/devel/.private/dji_sdk/share/common-lisp/ros/dji_sdk/srv/_package_QueryDroneVersion.lisp, /home/aims/catkin_ws/devel/share/common-lisp/ros/dji_sdk/srv/_package_QueryDroneVersion.lisp)
Linked: (/home/aims/catkin_ws/devel/.private/dji_sdk/share/common-lisp/ros/dji_sdk/srv/MFIOConfig.lisp, /home/aims/catkin_ws/devel/share/common-lisp/ros/dji_sdk/srv/MFIOConfig.lisp)
Linked: (/home/aims/catkin_ws/devel/.private/dji_sdk/share/common-lisp/ros/dji_sdk/srv/MissionHpGetInfo.lisp, /home/aims/catkin_ws/devel/share/common-lisp/ros/dji_sdk/srv/MissionHpGetInfo.lisp)
Linked: (/home/aims/catkin_ws/devel/.private/dji_sdk/share/common-lisp/ros/dji_sdk/srv/_package_MissionWpSetSpeed.lisp, /home/aims/catkin_ws/devel/share/common-lisp/ros/dji_sdk/srv/_package_MissionWpSetSpeed.lisp)
Linked: (/home/aims/catkin_ws/devel/.private/dji_sdk/share/common-lisp/ros/dji_sdk/srv/_package_MFIOConfig.lisp, /home/aims/catkin_ws/devel/share/common-lisp/ros/dji_sdk/srv/_package_MFIOConfig.lisp)
Linked: (/home/aims/catkin_ws/devel/.private/dji_sdk/share/common-lisp/ros/dji_sdk/srv/MissionWpUpload.lisp, /home/aims/catkin_ws/devel/share/common-lisp/ros/dji_sdk/srv/MissionWpUpload.lisp)
Linked: (/home/aims/catkin_ws/devel/.private/dji_sdk/share/common-lisp/ros/dji_sdk/srv/MissionHpUpdateRadius.lisp, /home/aims/catkin_ws/devel/share/common-lisp/ros/dji_sdk/srv/MissionHpUpdateRadius.lisp)
Linked: (/home/aims/catkin_ws/devel/.private/dji_sdk/share/common-lisp/ros/dji_sdk/srv/Activation.lisp, /home/aims/catkin_ws/devel/share/common-lisp/ros/dji_sdk/srv/Activation.lisp)
Linked: (/home/aims/catkin_ws/devel/.private/dji_sdk/share/common-lisp/ros/dji_sdk/srv/MissionHpAction.lisp, /home/aims/catkin_ws/devel/share/common-lisp/ros/dji_sdk/srv/MissionHpAction.lisp)
Linked: (/home/aims/catkin_ws/devel/.private/dji_sdk/share/common-lisp/ros/dji_sdk/srv/_package_SetHardSync.lisp, /home/aims/catkin_ws/devel/share/common-lisp/ros/dji_sdk/srv/_package_SetHardSync.lisp)
Linked: (/home/aims/catkin_ws/devel/.private/dji_sdk/share/common-lisp/ros/dji_sdk/srv/_package_Stereo240pSubscription.lisp, /home/aims/catkin_ws/devel/share/common-lisp/ros/dji_sdk/srv/_package_Stereo240pSubscription.lisp)
Linked: (/home/aims/catkin_ws/devel/.private/dji_sdk/share/common-lisp/ros/dji_sdk/srv/_package_MissionStatus.lisp, /home/aims/catkin_ws/devel/share/common-lisp/ros/dji_sdk/srv/_package_MissionStatus.lisp)
Linked: (/home/aims/catkin_ws/devel/.private/dji_sdk/share/common-lisp/ros/dji_sdk/srv/StereoDepthSubscription.lisp, /home/aims/catkin_ws/devel/share/common-lisp/ros/dji_sdk/srv/StereoDepthSubscription.lisp)
Linked: (/home/aims/catkin_ws/devel/.private/dji_sdk/share/common-lisp/ros/dji_sdk/srv/MissionHpUpdateYawRate.lisp, /home/aims/catkin_ws/devel/share/common-lisp/ros/dji_sdk/srv/MissionHpUpdateYawRate.lisp)
Linked: (/home/aims/catkin_ws/devel/.private/dji_sdk/share/common-lisp/ros/dji_sdk/srv/SetHardSync.lisp, /home/aims/catkin_ws/devel/share/common-lisp/ros/dji_sdk/srv/SetHardSync.lisp)
Linked: (/home/aims/catkin_ws/devel/.private/dji_sdk/share/common-lisp/ros/dji_sdk/srv/_package_MissionWpGetSpeed.lisp, /home/aims/catkin_ws/devel/share/common-lisp/ros/dji_sdk/srv/_package_MissionWpGetSpeed.lisp)
Linked: (/home/aims/catkin_ws/devel/.private/dji_sdk/share/common-lisp/ros/dji_sdk/srv/CameraAction.lisp, /home/aims/catkin_ws/devel/share/common-lisp/ros/dji_sdk/srv/CameraAction.lisp)
Linked: (/home/aims/catkin_ws/devel/.private/dji_sdk/share/common-lisp/ros/dji_sdk/srv/SetLocalPosRef.lisp, /home/aims/catkin_ws/devel/share/common-lisp/ros/dji_sdk/srv/SetLocalPosRef.lisp)
Linked: (/home/aims/catkin_ws/devel/.private/dji_sdk/share/common-lisp/ros/dji_sdk/srv/_package_MissionHpResetYaw.lisp, /home/aims/catkin_ws/devel/share/common-lisp/ros/dji_sdk/srv/_package_MissionHpResetYaw.lisp)
Linked: (/home/aims/catkin_ws/devel/.private/dji_sdk/share/common-lisp/ros/dji_sdk/srv/_package_SendPayloadData.lisp, /home/aims/catkin_ws/devel/share/common-lisp/ros/dji_sdk/srv/_package_SendPayloadData.lisp)
Linked: (/home/aims/catkin_ws/devel/.private/dji_sdk/share/common-lisp/ros/dji_sdk/srv/MissionHpResetYaw.lisp, /home/aims/catkin_ws/devel/share/common-lisp/ros/dji_sdk/srv/MissionHpResetYaw.lisp)
Linked: (/home/aims/catkin_ws/devel/.private/dji_sdk/share/common-lisp/ros/dji_sdk/srv/MissionWpSetSpeed.lisp, /home/aims/catkin_ws/devel/share/common-lisp/ros/dji_sdk/srv/MissionWpSetSpeed.lisp)
Linked: (/home/aims/catkin_ws/devel/.private/dji_sdk/share/common-lisp/ros/dji_sdk/srv/_package_MissionHpGetInfo.lisp, /home/aims/catkin_ws/devel/share/common-lisp/ros/dji_sdk/srv/_package_MissionHpGetInfo.lisp)
Linked: (/home/aims/catkin_ws/devel/.private/dji_sdk/share/common-lisp/ros/dji_sdk/srv/dji_sdk-srv.asd, /home/aims/catkin_ws/devel/share/common-lisp/ros/dji_sdk/srv/dji_sdk-srv.asd)
Linked: (/home/aims/catkin_ws/devel/.private/dji_sdk/share/common-lisp/ros/dji_sdk/srv/_package_SetLocalPosRef.lisp, /home/aims/catkin_ws/devel/share/common-lisp/ros/dji_sdk/srv/_package_SetLocalPosRef.lisp)
Linked: (/home/aims/catkin_ws/devel/.private/dji_sdk/share/common-lisp/ros/dji_sdk/srv/_package_MissionWpGetInfo.lisp, /home/aims/catkin_ws/devel/share/common-lisp/ros/dji_sdk/srv/_package_MissionWpGetInfo.lisp)
Linked: (/home/aims/catkin_ws/devel/.private/dji_sdk/share/common-lisp/ros/dji_sdk/srv/SDKControlAuthority.lisp, /home/aims/catkin_ws/devel/share/common-lisp/ros/dji_sdk/srv/SDKControlAuthority.lisp)
Linked: (/home/aims/catkin_ws/devel/.private/dji_sdk/share/common-lisp/ros/dji_sdk/srv/_package_DroneArmControl.lisp, /home/aims/catkin_ws/devel/share/common-lisp/ros/dji_sdk/srv/_package_DroneArmControl.lisp)
Linked: (/home/aims/catkin_ws/devel/.private/dji_sdk/share/common-lisp/ros/dji_sdk/srv/_package_MissionWpAction.lisp, /home/aims/catkin_ws/devel/share/common-lisp/ros/dji_sdk/srv/_package_MissionWpAction.lisp)
Linked: (/home/aims/catkin_ws/devel/.private/dji_sdk/share/common-lisp/ros/dji_sdk/srv/_package_SendMobileData.lisp, /home/aims/catkin_ws/devel/share/common-lisp/ros/dji_sdk/srv/_package_SendMobileData.lisp)
Linked: (/home/aims/catkin_ws/devel/.private/dji_sdk/share/common-lisp/ros/dji_sdk/srv/MissionHpUpload.lisp, /home/aims/catkin_ws/devel/share/common-lisp/ros/dji_sdk/srv/MissionHpUpload.lisp)
Linked: (/home/aims/catkin_ws/devel/.private/dji_sdk/share/common-lisp/ros/dji_sdk/srv/Stereo240pSubscription.lisp, /home/aims/catkin_ws/devel/share/common-lisp/ros/dji_sdk/srv/Stereo240pSubscription.lisp)
Linked: (/home/aims/catkin_ws/devel/.private/dji_sdk/share/common-lisp/ros/dji_sdk/srv/_package_DroneTaskControl.lisp, /home/aims/catkin_ws/devel/share/common-lisp/ros/dji_sdk/srv/_package_DroneTaskControl.lisp)
Linked: (/home/aims/catkin_ws/devel/.private/dji_sdk/share/common-lisp/ros/dji_sdk/srv/MissionWpGetSpeed.lisp, /home/aims/catkin_ws/devel/share/common-lisp/ros/dji_sdk/srv/MissionWpGetSpeed.lisp)
Linked: (/home/aims/catkin_ws/devel/.private/dji_sdk/share/common-lisp/ros/dji_sdk/srv/_package_CameraAction.lisp, /home/aims/catkin_ws/devel/share/common-lisp/ros/dji_sdk/srv/_package_CameraAction.lisp)
Linked: (/home/aims/catkin_ws/devel/.private/dji_sdk/share/common-lisp/ros/dji_sdk/srv/_package_StereoVGASubscription.lisp, /home/aims/catkin_ws/devel/share/common-lisp/ros/dji_sdk/srv/_package_StereoVGASubscription.lisp)
Linked: (/home/aims/catkin_ws/devel/.private/dji_sdk/share/common-lisp/ros/dji_sdk/srv/MissionStatus.lisp, /home/aims/catkin_ws/devel/share/common-lisp/ros/dji_sdk/srv/MissionStatus.lisp)
Linked: (/home/aims/catkin_ws/devel/.private/dji_sdk/share/common-lisp/ros/dji_sdk/srv/SendMobileData.lisp, /home/aims/catkin_ws/devel/share/common-lisp/ros/dji_sdk/srv/SendMobileData.lisp)
Linked: (/home/aims/catkin_ws/devel/.private/dji_sdk/share/common-lisp/ros/dji_sdk/srv/_package_Activation.lisp, /home/aims/catkin_ws/devel/share/common-lisp/ros/dji_sdk/srv/_package_Activation.lisp)
Linked: (/home/aims/catkin_ws/devel/.private/dji_sdk/share/common-lisp/ros/dji_sdk/srv/_package.lisp, /home/aims/catkin_ws/devel/share/common-lisp/ros/dji_sdk/srv/_package.lisp)
Linked: (/home/aims/catkin_ws/devel/.private/dji_sdk/share/common-lisp/ros/dji_sdk/srv/MFIOSetValue.lisp, /home/aims/catkin_ws/devel/share/common-lisp/ros/dji_sdk/srv/MFIOSetValue.lisp)
Linked: (/home/aims/catkin_ws/devel/.private/dji_sdk/share/common-lisp/ros/dji_sdk/srv/DroneArmControl.lisp, /home/aims/catkin_ws/devel/share/common-lisp/ros/dji_sdk/srv/DroneArmControl.lisp)
Linked: (/home/aims/catkin_ws/devel/.private/dji_sdk/share/common-lisp/ros/dji_sdk/srv/_package_MissionHpUpload.lisp, /home/aims/catkin_ws/devel/share/common-lisp/ros/dji_sdk/srv/_package_MissionHpUpload.lisp)
Linked: (/home/aims/catkin_ws/devel/.private/dji_sdk/share/common-lisp/ros/dji_sdk/srv/MissionWpGetInfo.lisp, /home/aims/catkin_ws/devel/share/common-lisp/ros/dji_sdk/srv/MissionWpGetInfo.lisp)
Linked: (/home/aims/catkin_ws/devel/.private/dji_sdk/share/common-lisp/ros/dji_sdk/srv/QueryDroneVersion.lisp, /home/aims/catkin_ws/devel/share/common-lisp/ros/dji_sdk/srv/QueryDroneVersion.lisp)
Linked: (/home/aims/catkin_ws/devel/.private/dji_sdk/share/common-lisp/ros/dji_sdk/srv/_package_MissionHpAction.lisp, /home/aims/catkin_ws/devel/share/common-lisp/ros/dji_sdk/srv/_package_MissionHpAction.lisp)
Linked: (/home/aims/catkin_ws/devel/.private/dji_sdk/share/common-lisp/ros/dji_sdk/srv/StereoVGASubscription.lisp, /home/aims/catkin_ws/devel/share/common-lisp/ros/dji_sdk/srv/StereoVGASubscription.lisp)
Linked: (/home/aims/catkin_ws/devel/.private/dji_sdk/share/common-lisp/ros/dji_sdk/srv/_package_MissionWpUpload.lisp, /home/aims/catkin_ws/devel/share/common-lisp/ros/dji_sdk/srv/_package_MissionWpUpload.lisp)
Linked: (/home/aims/catkin_ws/devel/.private/dji_sdk/share/common-lisp/ros/dji_sdk/srv/_package_SDKControlAuthority.lisp, /home/aims/catkin_ws/devel/share/common-lisp/ros/dji_sdk/srv/_package_SDKControlAuthority.lisp)
Linked: (/home/aims/catkin_ws/devel/.private/dji_sdk/share/common-lisp/ros/dji_sdk/srv/MissionWpAction.lisp, /home/aims/catkin_ws/devel/share/common-lisp/ros/dji_sdk/srv/MissionWpAction.lisp)
Linked: (/home/aims/catkin_ws/devel/.private/dji_sdk/share/common-lisp/ros/dji_sdk/srv/SetupCameraStream.lisp, /home/aims/catkin_ws/devel/share/common-lisp/ros/dji_sdk/srv/SetupCameraStream.lisp)
Linked: (/home/aims/catkin_ws/devel/.private/dji_sdk/share/common-lisp/ros/dji_sdk/srv/_package_MissionHpUpdateRadius.lisp, /home/aims/catkin_ws/devel/share/common-lisp/ros/dji_sdk/srv/_package_MissionHpUpdateRadius.lisp)
Linked: (/home/aims/catkin_ws/devel/.private/dji_sdk/share/common-lisp/ros/dji_sdk/srv/_package_StereoDepthSubscription.lisp, /home/aims/catkin_ws/devel/share/common-lisp/ros/dji_sdk/srv/_package_StereoDepthSubscription.lisp)
Linked: (/home/aims/catkin_ws/devel/.private/dji_sdk/share/common-lisp/ros/dji_sdk/srv/DroneTaskControl.lisp, /home/aims/catkin_ws/devel/share/common-lisp/ros/dji_sdk/srv/DroneTaskControl.lisp)
Linked: (/home/aims/catkin_ws/devel/.private/dji_sdk/share/roseus/ros/dji_sdk/manifest.l, /home/aims/catkin_ws/devel/share/roseus/ros/dji_sdk/manifest.l)
Linked: (/home/aims/catkin_ws/devel/.private/dji_sdk/share/roseus/ros/dji_sdk/msg/MissionWaypoint.l, /home/aims/catkin_ws/devel/share/roseus/ros/dji_sdk/msg/MissionWaypoint.l)
Linked: (/home/aims/catkin_ws/devel/.private/dji_sdk/share/roseus/ros/dji_sdk/msg/MissionHotpointTask.l, /home/aims/catkin_ws/devel/share/roseus/ros/dji_sdk/msg/MissionHotpointTask.l)
Linked: (/home/aims/catkin_ws/devel/.private/dji_sdk/share/roseus/ros/dji_sdk/msg/MissionWaypointAction.l, /home/aims/catkin_ws/devel/share/roseus/ros/dji_sdk/msg/MissionWaypointAction.l)
Linked: (/home/aims/catkin_ws/devel/.private/dji_sdk/share/roseus/ros/dji_sdk/msg/PayloadData.l, /home/aims/catkin_ws/devel/share/roseus/ros/dji_sdk/msg/PayloadData.l)
Linked: (/home/aims/catkin_ws/devel/.private/dji_sdk/share/roseus/ros/dji_sdk/msg/MobileData.l, /home/aims/catkin_ws/devel/share/roseus/ros/dji_sdk/msg/MobileData.l)
Linked: (/home/aims/catkin_ws/devel/.private/dji_sdk/share/roseus/ros/dji_sdk/msg/FCTimeInUTC.l, /home/aims/catkin_ws/devel/share/roseus/ros/dji_sdk/msg/FCTimeInUTC.l)
Linked: (/home/aims/catkin_ws/devel/.private/dji_sdk/share/roseus/ros/dji_sdk/msg/Gimbal.l, /home/aims/catkin_ws/devel/share/roseus/ros/dji_sdk/msg/Gimbal.l)
Linked: (/home/aims/catkin_ws/devel/.private/dji_sdk/share/roseus/ros/dji_sdk/msg/MissionWaypointTask.l, /home/aims/catkin_ws/devel/share/roseus/ros/dji_sdk/msg/MissionWaypointTask.l)
Linked: (/home/aims/catkin_ws/devel/.private/dji_sdk/share/roseus/ros/dji_sdk/msg/WaypointList.l, /home/aims/catkin_ws/devel/share/roseus/ros/dji_sdk/msg/WaypointList.l)
Linked: (/home/aims/catkin_ws/devel/.private/dji_sdk/share/roseus/ros/dji_sdk/msg/Waypoint.l, /home/aims/catkin_ws/devel/share/roseus/ros/dji_sdk/msg/Waypoint.l)
Linked: (/home/aims/catkin_ws/devel/.private/dji_sdk/share/roseus/ros/dji_sdk/msg/FlightAnomaly.l, /home/aims/catkin_ws/devel/share/roseus/ros/dji_sdk/msg/FlightAnomaly.l)
Linked: (/home/aims/catkin_ws/devel/.private/dji_sdk/share/roseus/ros/dji_sdk/msg/GPSUTC.l, /home/aims/catkin_ws/devel/share/roseus/ros/dji_sdk/msg/GPSUTC.l)
Linked: (/home/aims/catkin_ws/devel/.private/dji_sdk/share/roseus/ros/dji_sdk/msg/VOPosition.l, /home/aims/catkin_ws/devel/share/roseus/ros/dji_sdk/msg/VOPosition.l)
Linked: (/home/aims/catkin_ws/devel/.private/dji_sdk/share/roseus/ros/dji_sdk/srv/SetLocalPosRef.l, /home/aims/catkin_ws/devel/share/roseus/ros/dji_sdk/srv/SetLocalPosRef.l)
Linked: (/home/aims/catkin_ws/devel/.private/dji_sdk/share/roseus/ros/dji_sdk/srv/SDKControlAuthority.l, /home/aims/catkin_ws/devel/share/roseus/ros/dji_sdk/srv/SDKControlAuthority.l)
Linked: (/home/aims/catkin_ws/devel/.private/dji_sdk/share/roseus/ros/dji_sdk/srv/Activation.l, /home/aims/catkin_ws/devel/share/roseus/ros/dji_sdk/srv/Activation.l)
Linked: (/home/aims/catkin_ws/devel/.private/dji_sdk/share/roseus/ros/dji_sdk/srv/MissionHpGetInfo.l, /home/aims/catkin_ws/devel/share/roseus/ros/dji_sdk/srv/MissionHpGetInfo.l)
Linked: (/home/aims/catkin_ws/devel/.private/dji_sdk/share/roseus/ros/dji_sdk/srv/MissionWpUpload.l, /home/aims/catkin_ws/devel/share/roseus/ros/dji_sdk/srv/MissionWpUpload.l)
Linked: (/home/aims/catkin_ws/devel/.private/dji_sdk/share/roseus/ros/dji_sdk/srv/MissionStatus.l, /home/aims/catkin_ws/devel/share/roseus/ros/dji_sdk/srv/MissionStatus.l)
Linked: (/home/aims/catkin_ws/devel/.private/dji_sdk/share/roseus/ros/dji_sdk/srv/DroneArmControl.l, /home/aims/catkin_ws/devel/share/roseus/ros/dji_sdk/srv/DroneArmControl.l)
Linked: (/home/aims/catkin_ws/devel/.private/dji_sdk/share/roseus/ros/dji_sdk/srv/MissionWpAction.l, /home/aims/catkin_ws/devel/share/roseus/ros/dji_sdk/srv/MissionWpAction.l)
Linked: (/home/aims/catkin_ws/devel/.private/dji_sdk/share/roseus/ros/dji_sdk/srv/MissionHpAction.l, /home/aims/catkin_ws/devel/share/roseus/ros/dji_sdk/srv/MissionHpAction.l)
Linked: (/home/aims/catkin_ws/devel/.private/dji_sdk/share/roseus/ros/dji_sdk/srv/SetHardSync.l, /home/aims/catkin_ws/devel/share/roseus/ros/dji_sdk/srv/SetHardSync.l)
Linked: (/home/aims/catkin_ws/devel/.private/dji_sdk/share/roseus/ros/dji_sdk/srv/MissionWpGetSpeed.l, /home/aims/catkin_ws/devel/share/roseus/ros/dji_sdk/srv/MissionWpGetSpeed.l)
Linked: (/home/aims/catkin_ws/devel/.private/dji_sdk/share/roseus/ros/dji_sdk/srv/MFIOConfig.l, /home/aims/catkin_ws/devel/share/roseus/ros/dji_sdk/srv/MFIOConfig.l)
Linked: (/home/aims/catkin_ws/devel/.private/dji_sdk/share/roseus/ros/dji_sdk/srv/DroneTaskControl.l, /home/aims/catkin_ws/devel/share/roseus/ros/dji_sdk/srv/DroneTaskControl.l)
Linked: (/home/aims/catkin_ws/devel/.private/dji_sdk/share/roseus/ros/dji_sdk/srv/StereoDepthSubscription.l, /home/aims/catkin_ws/devel/share/roseus/ros/dji_sdk/srv/StereoDepthSubscription.l)
Linked: (/home/aims/catkin_ws/devel/.private/dji_sdk/share/roseus/ros/dji_sdk/srv/SendMobileData.l, /home/aims/catkin_ws/devel/share/roseus/ros/dji_sdk/srv/SendMobileData.l)
Linked: (/home/aims/catkin_ws/devel/.private/dji_sdk/share/roseus/ros/dji_sdk/srv/MFIOSetValue.l, /home/aims/catkin_ws/devel/share/roseus/ros/dji_sdk/srv/MFIOSetValue.l)
Linked: (/home/aims/catkin_ws/devel/.private/dji_sdk/share/roseus/ros/dji_sdk/srv/MissionHpUpdateRadius.l, /home/aims/catkin_ws/devel/share/roseus/ros/dji_sdk/srv/MissionHpUpdateRadius.l)
Linked: (/home/aims/catkin_ws/devel/.private/dji_sdk/share/roseus/ros/dji_sdk/srv/StereoVGASubscription.l, /home/aims/catkin_ws/devel/share/roseus/ros/dji_sdk/srv/StereoVGASubscription.l)
Linked: (/home/aims/catkin_ws/devel/.private/dji_sdk/share/roseus/ros/dji_sdk/srv/SendPayloadData.l, /home/aims/catkin_ws/devel/share/roseus/ros/dji_sdk/srv/SendPayloadData.l)
Linked: (/home/aims/catkin_ws/devel/.private/dji_sdk/share/roseus/ros/dji_sdk/srv/QueryDroneVersion.l, /home/aims/catkin_ws/devel/share/roseus/ros/dji_sdk/srv/QueryDroneVersion.l)
Linked: (/home/aims/catkin_ws/devel/.private/dji_sdk/share/roseus/ros/dji_sdk/srv/SetupCameraStream.l, /home/aims/catkin_ws/devel/share/roseus/ros/dji_sdk/srv/SetupCameraStream.l)
Linked: (/home/aims/catkin_ws/devel/.private/dji_sdk/share/roseus/ros/dji_sdk/srv/MissionHpResetYaw.l, /home/aims/catkin_ws/devel/share/roseus/ros/dji_sdk/srv/MissionHpResetYaw.l)
Linked: (/home/aims/catkin_ws/devel/.private/dji_sdk/share/roseus/ros/dji_sdk/srv/MissionHpUpload.l, /home/aims/catkin_ws/devel/share/roseus/ros/dji_sdk/srv/MissionHpUpload.l)
Linked: (/home/aims/catkin_ws/devel/.private/dji_sdk/share/roseus/ros/dji_sdk/srv/MissionWpSetSpeed.l, /home/aims/catkin_ws/devel/share/roseus/ros/dji_sdk/srv/MissionWpSetSpeed.l)
Linked: (/home/aims/catkin_ws/devel/.private/dji_sdk/share/roseus/ros/dji_sdk/srv/MissionWpGetInfo.l, /home/aims/catkin_ws/devel/share/roseus/ros/dji_sdk/srv/MissionWpGetInfo.l)
Linked: (/home/aims/catkin_ws/devel/.private/dji_sdk/share/roseus/ros/dji_sdk/srv/MissionHpUpdateYawRate.l, /home/aims/catkin_ws/devel/share/roseus/ros/dji_sdk/srv/MissionHpUpdateYawRate.l)
Linked: (/home/aims/catkin_ws/devel/.private/dji_sdk/share/roseus/ros/dji_sdk/srv/CameraAction.l, /home/aims/catkin_ws/devel/share/roseus/ros/dji_sdk/srv/CameraAction.l)
Linked: (/home/aims/catkin_ws/devel/.private/dji_sdk/share/roseus/ros/dji_sdk/srv/Stereo240pSubscription.l, /home/aims/catkin_ws/devel/share/roseus/ros/dji_sdk/srv/Stereo240pSubscription.l)
Linked: (/home/aims/catkin_ws/devel/.private/dji_sdk/lib/dji_sdk/test_code, /home/aims/catkin_ws/devel/lib/dji_sdk/test_code)
Linked: (/home/aims/catkin_ws/devel/.private/dji_sdk/lib/dji_sdk/save_log_platform, /home/aims/catkin_ws/devel/lib/dji_sdk/save_log_platform)
Linked: (/home/aims/catkin_ws/devel/.private/dji_sdk/lib/dji_sdk/talker_sim_3, /home/aims/catkin_ws/devel/lib/dji_sdk/talker_sim_3)
Linked: (/home/aims/catkin_ws/devel/.private/dji_sdk/lib/dji_sdk/talker_ros_18, /home/aims/catkin_ws/devel/lib/dji_sdk/talker_ros_18)
Linked: (/home/aims/catkin_ws/devel/.private/dji_sdk/lib/dji_sdk/land_1, /home/aims/catkin_ws/devel/lib/dji_sdk/land_1)
Linked: (/home/aims/catkin_ws/devel/.private/dji_sdk/lib/dji_sdk/dji_sdk_node, /home/aims/catkin_ws/devel/lib/dji_sdk/dji_sdk_node)
Linked: (/home/aims/catkin_ws/devel/.private/dji_sdk/lib/dji_sdk/talker_ros_14, /home/aims/catkin_ws/devel/lib/dji_sdk/talker_ros_14)
Linked: (/home/aims/catkin_ws/devel/.private/dji_sdk/lib/dji_sdk/get_tf, /home/aims/catkin_ws/devel/lib/dji_sdk/get_tf)
Linked: (/home/aims/catkin_ws/devel/.private/dji_sdk/lib/dji_sdk/talker_sim_2, /home/aims/catkin_ws/devel/lib/dji_sdk/talker_sim_2)
Linked: (/home/aims/catkin_ws/devel/.private/dji_sdk/lib/dji_sdk/talker_sim_4, /home/aims/catkin_ws/devel/lib/dji_sdk/talker_sim_4)
Linked: (/home/aims/catkin_ws/devel/.private/dji_sdk/lib/dji_sdk/calculate_vel, /home/aims/catkin_ws/devel/lib/dji_sdk/calculate_vel)
Linked: (/home/aims/catkin_ws/devel/.private/dji_sdk/lib/dji_sdk/camera_to_tf, /home/aims/catkin_ws/devel/lib/dji_sdk/camera_to_tf)
Linked: (/home/aims/catkin_ws/devel/.private/dji_sdk/lib/dji_sdk/save_log, /home/aims/catkin_ws/devel/lib/dji_sdk/save_log)
Linked: (/home/aims/catkin_ws/devel/.private/dji_sdk/lib/dji_sdk/talker_ros_16, /home/aims/catkin_ws/devel/lib/dji_sdk/talker_ros_16)
Linked: (/home/aims/catkin_ws/devel/.private/dji_sdk/lib/dji_sdk/save_log_100, /home/aims/catkin_ws/devel/lib/dji_sdk/save_log_100)
Linked: (/home/aims/catkin_ws/devel/.private/dji_sdk/lib/dji_sdk/platform_simulator, /home/aims/catkin_ws/devel/lib/dji_sdk/platform_simulator)
Linked: (/home/aims/catkin_ws/devel/.private/dji_sdk/lib/dji_sdk/save_log_sim, /home/aims/catkin_ws/devel/lib/dji_sdk/save_log_sim)
Linked: (/home/aims/catkin_ws/devel/.private/dji_sdk/lib/dji_sdk/camera_pub, /home/aims/catkin_ws/devel/lib/dji_sdk/camera_pub)
Linked: (/home/aims/catkin_ws/devel/.private/dji_sdk/lib/dji_sdk/talker_ros_17, /home/aims/catkin_ws/devel/lib/dji_sdk/talker_ros_17)
Linked: (/home/aims/catkin_ws/devel/.private/dji_sdk/lib/dji_sdk/talker_ros_20, /home/aims/catkin_ws/devel/lib/dji_sdk/talker_ros_20)
Linked: (/home/aims/catkin_ws/devel/.private/dji_sdk/lib/dji_sdk/talker_ros_22, /home/aims/catkin_ws/devel/lib/dji_sdk/talker_ros_22)
Linked: (/home/aims/catkin_ws/devel/.private/dji_sdk/lib/dji_sdk/talker_ros_21, /home/aims/catkin_ws/devel/lib/dji_sdk/talker_ros_21)
Linked: (/home/aims/catkin_ws/devel/.private/dji_sdk/lib/dji_sdk/camera_pub_and_apriltag, /home/aims/catkin_ws/devel/lib/dji_sdk/camera_pub_and_apriltag)
Linked: (/home/aims/catkin_ws/devel/.private/dji_sdk/lib/dji_sdk/talker_ros_19, /home/aims/catkin_ws/devel/lib/dji_sdk/talker_ros_19)
Linked: (/home/aims/catkin_ws/devel/.private/dji_sdk/lib/dji_sdk/talker_ros_15, /home/aims/catkin_ws/devel/lib/dji_sdk/talker_ros_15)
Linked: (/home/aims/catkin_ws/devel/.private/dji_sdk/lib/dji_sdk/talker_sim_1, /home/aims/catkin_ws/devel/lib/dji_sdk/talker_sim_1)
Linked: (/home/aims/catkin_ws/devel/.private/dji_sdk/lib/dji_sdk/camera_pub_no_imshow, /home/aims/catkin_ws/devel/lib/dji_sdk/camera_pub_no_imshow)
Linked: (/home/aims/catkin_ws/devel/.private/dji_sdk/lib/dji_sdk/chk_gimbal, /home/aims/catkin_ws/devel/lib/dji_sdk/chk_gimbal)
Linked: (/home/aims/catkin_ws/devel/.private/dji_sdk/lib/pkgconfig/dji_sdk.pc, /home/aims/catkin_ws/devel/lib/pkgconfig/dji_sdk.pc)
Linked: (/home/aims/catkin_ws/devel/.private/dji_sdk/lib/python2.7/dist-packages/dji_sdk/__init__.py, /home/aims/catkin_ws/devel/lib/python2.7/dist-packages/dji_sdk/__init__.py)
Linked: (/home/aims/catkin_ws/devel/.private/dji_sdk/lib/python2.7/dist-packages/dji_sdk/msg/_WaypointList.py, /home/aims/catkin_ws/devel/lib/python2.7/dist-packages/dji_sdk/msg/_WaypointList.py)
Linked: (/home/aims/catkin_ws/devel/.private/dji_sdk/lib/python2.7/dist-packages/dji_sdk/msg/_MissionHotpointTask.py, /home/aims/catkin_ws/devel/lib/python2.7/dist-packages/dji_sdk/msg/_MissionHotpointTask.py)
Linked: (/home/aims/catkin_ws/devel/.private/dji_sdk/lib/python2.7/dist-packages/dji_sdk/msg/_PayloadData.py, /home/aims/catkin_ws/devel/lib/python2.7/dist-packages/dji_sdk/msg/_PayloadData.py)
Linked: (/home/aims/catkin_ws/devel/.private/dji_sdk/lib/python2.7/dist-packages/dji_sdk/msg/_MissionWaypointAction.py, /home/aims/catkin_ws/devel/lib/python2.7/dist-packages/dji_sdk/msg/_MissionWaypointAction.py)
Linked: (/home/aims/catkin_ws/devel/.private/dji_sdk/lib/python2.7/dist-packages/dji_sdk/msg/_MissionWaypointTask.py, /home/aims/catkin_ws/devel/lib/python2.7/dist-packages/dji_sdk/msg/_MissionWaypointTask.py)
Linked: (/home/aims/catkin_ws/devel/.private/dji_sdk/lib/python2.7/dist-packages/dji_sdk/msg/_GPSUTC.py, /home/aims/catkin_ws/devel/lib/python2.7/dist-packages/dji_sdk/msg/_GPSUTC.py)
Linked: (/home/aims/catkin_ws/devel/.private/dji_sdk/lib/python2.7/dist-packages/dji_sdk/msg/_Gimbal.py, /home/aims/catkin_ws/devel/lib/python2.7/dist-packages/dji_sdk/msg/_Gimbal.py)
Linked: (/home/aims/catkin_ws/devel/.private/dji_sdk/lib/python2.7/dist-packages/dji_sdk/msg/_VOPosition.py, /home/aims/catkin_ws/devel/lib/python2.7/dist-packages/dji_sdk/msg/_VOPosition.py)
Linked: (/home/aims/catkin_ws/devel/.private/dji_sdk/lib/python2.7/dist-packages/dji_sdk/msg/__init__.py, /home/aims/catkin_ws/devel/lib/python2.7/dist-packages/dji_sdk/msg/__init__.py)
Linked: (/home/aims/catkin_ws/devel/.private/dji_sdk/lib/python2.7/dist-packages/dji_sdk/msg/_Waypoint.py, /home/aims/catkin_ws/devel/lib/python2.7/dist-packages/dji_sdk/msg/_Waypoint.py)
Linked: (/home/aims/catkin_ws/devel/.private/dji_sdk/lib/python2.7/dist-packages/dji_sdk/msg/_FCTimeInUTC.py, /home/aims/catkin_ws/devel/lib/python2.7/dist-packages/dji_sdk/msg/_FCTimeInUTC.py)
Linked: (/home/aims/catkin_ws/devel/.private/dji_sdk/lib/python2.7/dist-packages/dji_sdk/msg/_MissionWaypoint.py, /home/aims/catkin_ws/devel/lib/python2.7/dist-packages/dji_sdk/msg/_MissionWaypoint.py)
Linked: (/home/aims/catkin_ws/devel/.private/dji_sdk/lib/python2.7/dist-packages/dji_sdk/msg/_MobileData.py, /home/aims/catkin_ws/devel/lib/python2.7/dist-packages/dji_sdk/msg/_MobileData.py)
Linked: (/home/aims/catkin_ws/devel/.private/dji_sdk/lib/python2.7/dist-packages/dji_sdk/msg/_FlightAnomaly.py, /home/aims/catkin_ws/devel/lib/python2.7/dist-packages/dji_sdk/msg/_FlightAnomaly.py)
Linked: (/home/aims/catkin_ws/devel/.private/dji_sdk/lib/python2.7/dist-packages/dji_sdk/srv/_MissionWpAction.py, /home/aims/catkin_ws/devel/lib/python2.7/dist-packages/dji_sdk/srv/_MissionWpAction.py)
Linked: (/home/aims/catkin_ws/devel/.private/dji_sdk/lib/python2.7/dist-packages/dji_sdk/srv/_MissionWpUpload.py, /home/aims/catkin_ws/devel/lib/python2.7/dist-packages/dji_sdk/srv/_MissionWpUpload.py)
Linked: (/home/aims/catkin_ws/devel/.private/dji_sdk/lib/python2.7/dist-packages/dji_sdk/srv/_MissionHpGetInfo.py, /home/aims/catkin_ws/devel/lib/python2.7/dist-packages/dji_sdk/srv/_MissionHpGetInfo.py)
Linked: (/home/aims/catkin_ws/devel/.private/dji_sdk/lib/python2.7/dist-packages/dji_sdk/srv/_MissionHpAction.py, /home/aims/catkin_ws/devel/lib/python2.7/dist-packages/dji_sdk/srv/_MissionHpAction.py)
Linked: (/home/aims/catkin_ws/devel/.private/dji_sdk/lib/python2.7/dist-packages/dji_sdk/srv/_Stereo240pSubscription.py, /home/aims/catkin_ws/devel/lib/python2.7/dist-packages/dji_sdk/srv/_Stereo240pSubscription.py)
Linked: (/home/aims/catkin_ws/devel/.private/dji_sdk/lib/python2.7/dist-packages/dji_sdk/srv/_DroneTaskControl.py, /home/aims/catkin_ws/devel/lib/python2.7/dist-packages/dji_sdk/srv/_DroneTaskControl.py)
Linked: (/home/aims/catkin_ws/devel/.private/dji_sdk/lib/python2.7/dist-packages/dji_sdk/srv/_DroneArmControl.py, /home/aims/catkin_ws/devel/lib/python2.7/dist-packages/dji_sdk/srv/_DroneArmControl.py)
Linked: (/home/aims/catkin_ws/devel/.private/dji_sdk/lib/python2.7/dist-packages/dji_sdk/srv/_SDKControlAuthority.py, /home/aims/catkin_ws/devel/lib/python2.7/dist-packages/dji_sdk/srv/_SDKControlAuthority.py)
Linked: (/home/aims/catkin_ws/devel/.private/dji_sdk/lib/python2.7/dist-packages/dji_sdk/srv/_MFIOSetValue.py, /home/aims/catkin_ws/devel/lib/python2.7/dist-packages/dji_sdk/srv/_MFIOSetValue.py)
Linked: (/home/aims/catkin_ws/devel/.private/dji_sdk/lib/python2.7/dist-packages/dji_sdk/srv/_MissionWpSetSpeed.py, /home/aims/catkin_ws/devel/lib/python2.7/dist-packages/dji_sdk/srv/_MissionWpSetSpeed.py)
Linked: (/home/aims/catkin_ws/devel/.private/dji_sdk/lib/python2.7/dist-packages/dji_sdk/srv/_MissionWpGetSpeed.py, /home/aims/catkin_ws/devel/lib/python2.7/dist-packages/dji_sdk/srv/_MissionWpGetSpeed.py)
Linked: (/home/aims/catkin_ws/devel/.private/dji_sdk/lib/python2.7/dist-packages/dji_sdk/srv/_MissionHpUpload.py, /home/aims/catkin_ws/devel/lib/python2.7/dist-packages/dji_sdk/srv/_MissionHpUpload.py)
Linked: (/home/aims/catkin_ws/devel/.private/dji_sdk/lib/python2.7/dist-packages/dji_sdk/srv/_MissionHpUpdateRadius.py, /home/aims/catkin_ws/devel/lib/python2.7/dist-packages/dji_sdk/srv/_MissionHpUpdateRadius.py)
Linked: (/home/aims/catkin_ws/devel/.private/dji_sdk/lib/python2.7/dist-packages/dji_sdk/srv/_StereoDepthSubscription.py, /home/aims/catkin_ws/devel/lib/python2.7/dist-packages/dji_sdk/srv/_StereoDepthSubscription.py)
Linked: (/home/aims/catkin_ws/devel/.private/dji_sdk/lib/python2.7/dist-packages/dji_sdk/srv/_MissionWpGetInfo.py, /home/aims/catkin_ws/devel/lib/python2.7/dist-packages/dji_sdk/srv/_MissionWpGetInfo.py)
Linked: (/home/aims/catkin_ws/devel/.private/dji_sdk/lib/python2.7/dist-packages/dji_sdk/srv/_MissionStatus.py, /home/aims/catkin_ws/devel/lib/python2.7/dist-packages/dji_sdk/srv/_MissionStatus.py)
Linked: (/home/aims/catkin_ws/devel/.private/dji_sdk/lib/python2.7/dist-packages/dji_sdk/srv/_MFIOConfig.py, /home/aims/catkin_ws/devel/lib/python2.7/dist-packages/dji_sdk/srv/_MFIOConfig.py)
Linked: (/home/aims/catkin_ws/devel/.private/dji_sdk/lib/python2.7/dist-packages/dji_sdk/srv/__init__.py, /home/aims/catkin_ws/devel/lib/python2.7/dist-packages/dji_sdk/srv/__init__.py)
Linked: (/home/aims/catkin_ws/devel/.private/dji_sdk/lib/python2.7/dist-packages/dji_sdk/srv/_CameraAction.py, /home/aims/catkin_ws/devel/lib/python2.7/dist-packages/dji_sdk/srv/_CameraAction.py)
Linked: (/home/aims/catkin_ws/devel/.private/dji_sdk/lib/python2.7/dist-packages/dji_sdk/srv/_StereoVGASubscription.py, /home/aims/catkin_ws/devel/lib/python2.7/dist-packages/dji_sdk/srv/_StereoVGASubscription.py)
Linked: (/home/aims/catkin_ws/devel/.private/dji_sdk/lib/python2.7/dist-packages/dji_sdk/srv/_MissionHpUpdateYawRate.py, /home/aims/catkin_ws/devel/lib/python2.7/dist-packages/dji_sdk/srv/_MissionHpUpdateYawRate.py)
Linked: (/home/aims/catkin_ws/devel/.private/dji_sdk/lib/python2.7/dist-packages/dji_sdk/srv/_SetHardSync.py, /home/aims/catkin_ws/devel/lib/python2.7/dist-packages/dji_sdk/srv/_SetHardSync.py)
Linked: (/home/aims/catkin_ws/devel/.private/dji_sdk/lib/python2.7/dist-packages/dji_sdk/srv/_Activation.py, /home/aims/catkin_ws/devel/lib/python2.7/dist-packages/dji_sdk/srv/_Activation.py)
Linked: (/home/aims/catkin_ws/devel/.private/dji_sdk/lib/python2.7/dist-packages/dji_sdk/srv/_SendPayloadData.py, /home/aims/catkin_ws/devel/lib/python2.7/dist-packages/dji_sdk/srv/_SendPayloadData.py)
Linked: (/home/aims/catkin_ws/devel/.private/dji_sdk/lib/python2.7/dist-packages/dji_sdk/srv/_MissionHpResetYaw.py, /home/aims/catkin_ws/devel/lib/python2.7/dist-packages/dji_sdk/srv/_MissionHpResetYaw.py)
Linked: (/home/aims/catkin_ws/devel/.private/dji_sdk/lib/python2.7/dist-packages/dji_sdk/srv/_SetupCameraStream.py, /home/aims/catkin_ws/devel/lib/python2.7/dist-packages/dji_sdk/srv/_SetupCameraStream.py)
Linked: (/home/aims/catkin_ws/devel/.private/dji_sdk/lib/python2.7/dist-packages/dji_sdk/srv/_SetLocalPosRef.py, /home/aims/catkin_ws/devel/lib/python2.7/dist-packages/dji_sdk/srv/_SetLocalPosRef.py)
Linked: (/home/aims/catkin_ws/devel/.private/dji_sdk/lib/python2.7/dist-packages/dji_sdk/srv/_QueryDroneVersion.py, /home/aims/catkin_ws/devel/lib/python2.7/dist-packages/dji_sdk/srv/_QueryDroneVersion.py)
Linked: (/home/aims/catkin_ws/devel/.private/dji_sdk/lib/python2.7/dist-packages/dji_sdk/srv/_SendMobileData.py, /home/aims/catkin_ws/devel/lib/python2.7/dist-packages/dji_sdk/srv/_SendMobileData.py)
