[01m[K/home/aims/catkin_ws/src/Onboard-SDK-ROS-3.8.1/dji_sdk/src/talker_ros_19.cpp:[m[K In lambda function:
[01m[K/home/aims/catkin_ws/src/Onboard-SDK-ROS-3.8.1/dji_sdk/src/talker_ros_19.cpp:399:34:[m[K [01;31m[Kerror: [m[K‘[01m[Kn[m[K’ is not captured
     ros::Publisher control_pub = [01;31m[Kn[m[K.advertise<sensor_msgs::Joy>("dji_sdk/flight_control_setpoint_generic", 10);
                                  [01;31m[K^[m[K
[01m[K/home/aims/catkin_ws/src/Onboard-SDK-ROS-3.8.1/dji_sdk/src/talker_ros_19.cpp:394:25:[m[K [01;36m[Knote: [m[Kthe lambda has no capture-default
   auto control_input = [[01;36m[K][m[K() // 쓰레드 4 드론 Input 제어
                         [01;36m[K^[m[K
[01m[K/home/aims/catkin_ws/src/Onboard-SDK-ROS-3.8.1/dji_sdk/src/talker_ros_19.cpp:124:19:[m[K [01;36m[Knote: [m[K‘[01m[Kros::NodeHandle n[m[K’ declared here
   ros::NodeHandle [01;36m[Kn[m[K;
                   [01;36m[K^[m[K
[01m[K/home/aims/catkin_ws/src/Onboard-SDK-ROS-3.8.1/dji_sdk/src/talker_ros_19.cpp:399:62:[m[K [01;31m[Kerror: [m[Kexpected primary-expression before ‘[01m[K>[m[K’ token
     ros::Publisher control_pub = n.advertise<sensor_msgs::Joy[01;31m[K>[m[K("dji_sdk/flight_control_setpoint_generic", 10);
                                                              [01;31m[K^[m[K
[01m[K/home/aims/catkin_ws/src/Onboard-SDK-ROS-3.8.1/dji_sdk/src/talker_ros_19.cpp:418:22:[m[K [01;31m[Kerror: [m[K‘[01m[Kn[m[K’ is not captured
           move(cont, [01;31m[Kn[m[K, control_pub);
                      [01;31m[K^[m[K
[01m[K/home/aims/catkin_ws/src/Onboard-SDK-ROS-3.8.1/dji_sdk/src/talker_ros_19.cpp:394:25:[m[K [01;36m[Knote: [m[Kthe lambda has no capture-default
   auto control_input = [[01;36m[K][m[K() // 쓰레드 4 드론 Input 제어
                         [01;36m[K^[m[K
[01m[K/home/aims/catkin_ws/src/Onboard-SDK-ROS-3.8.1/dji_sdk/src/talker_ros_19.cpp:124:19:[m[K [01;36m[Knote: [m[K‘[01m[Kros::NodeHandle n[m[K’ declared here
   ros::NodeHandle [01;36m[Kn[m[K;
                   [01;36m[K^[m[K
[01m[K/home/aims/catkin_ws/src/Onboard-SDK-ROS-3.8.1/dji_sdk/src/talker_ros_19.cpp:423:20:[m[K [01;31m[Kerror: [m[K‘[01m[Kn[m[K’ is not captured
         move(cont, [01;31m[Kn[m[K, control_pub);
                    [01;31m[K^[m[K
[01m[K/home/aims/catkin_ws/src/Onboard-SDK-ROS-3.8.1/dji_sdk/src/talker_ros_19.cpp:394:25:[m[K [01;36m[Knote: [m[Kthe lambda has no capture-default
   auto control_input = [[01;36m[K][m[K() // 쓰레드 4 드론 Input 제어
                         [01;36m[K^[m[K
[01m[K/home/aims/catkin_ws/src/Onboard-SDK-ROS-3.8.1/dji_sdk/src/talker_ros_19.cpp:124:19:[m[K [01;36m[Knote: [m[K‘[01m[Kros::NodeHandle n[m[K’ declared here
   ros::NodeHandle [01;36m[Kn[m[K;
                   [01;36m[K^[m[K
make[2]: *** [CMakeFiles/talker_ros_19.dir/src/talker_ros_19.cpp.o] Error 1
make[1]: *** [CMakeFiles/talker_ros_19.dir/all] Error 2
make: *** [all] Error 2
