[01m[K/home/aims/catkin_ws/src/Onboard-SDK-ROS-3.8.1/dji_sdk/src/platform_simulator.cpp:[m[K In lambda function:
[01m[K/home/aims/catkin_ws/src/Onboard-SDK-ROS-3.8.1/dji_sdk/src/platform_simulator.cpp:180:39:[m[K [01;31m[Kerror: [m[Kno matching function for call to ‘[01m[Kstd::vector<geometry_msgs::TransformStamped_<std::allocator<void> >, std::allocator<geometry_msgs::TransformStamped_<std::allocator<void> > > >::insert(geometry_msgs::Transform&)[m[K’
     tag_po.transforms.insert(transform[01;31m[K)[m[K;
                                       [01;31m[K^[m[K
In file included from [01m[K/usr/include/c++/7/vector:69:0[m[K,
                 from [01m[K/usr/include/boost/math/special_functions/math_fwd.hpp:26[m[K,
                 from [01m[K/usr/include/boost/math/special_functions/round.hpp:15[m[K,
                 from [01m[K/opt/ros/melodic/include/ros/time.h:58[m[K,
                 from [01m[K/opt/ros/melodic/include/ros/ros.h:38[m[K,
                 from [01m[K/home/aims/catkin_ws/src/Onboard-SDK-ROS-3.8.1/dji_sdk/src/platform_simulator.cpp:5[m[K:
[01m[K/usr/include/c++/7/bits/vector.tcc:114:5:[m[K [01;36m[Knote: [m[Kcandidate: std::vector<_Tp, _Alloc>::iterator std::vector<_Tp, _Alloc>::insert(std::vector<_Tp, _Alloc>::const_iterator, const value_type&) [with _Tp = geometry_msgs::TransformStamped_<std::allocator<void> >; _Alloc = std::allocator<geometry_msgs::TransformStamped_<std::allocator<void> > >; std::vector<_Tp, _Alloc>::iterator = __gnu_cxx::__normal_iterator<geometry_msgs::TransformStamped_<std::allocator<void> >*, std::vector<geometry_msgs::TransformStamped_<std::allocator<void> >, std::allocator<geometry_msgs::TransformStamped_<std::allocator<void> > > > >; typename std::_Vector_base<_Tp, _Alloc>::pointer = geometry_msgs::TransformStamped_<std::allocator<void> >*; std::vector<_Tp, _Alloc>::const_iterator = __gnu_cxx::__normal_iterator<const geometry_msgs::TransformStamped_<std::allocator<void> >*, std::vector<geometry_msgs::TransformStamped_<std::allocator<void> >, std::allocator<geometry_msgs::TransformStamped_<std::allocator<void> > > > >; typename __gnu_cxx::__alloc_traits<typename std::_Vector_base<_Tp, _Alloc>::_Tp_alloc_type>::const_pointer = const geometry_msgs::TransformStamped_<std::allocator<void> >*; std::vector<_Tp, _Alloc>::value_type = geometry_msgs::TransformStamped_<std::allocator<void> >]
     [01;36m[Kvector<_Tp, _Alloc>[m[K::
     [01;36m[K^~~~~~~~~~~~~~~~~~~[m[K
[01m[K/usr/include/c++/7/bits/vector.tcc:114:5:[m[K [01;36m[Knote: [m[K  candidate expects 2 arguments, 1 provided
In file included from [01m[K/usr/include/c++/7/vector:64:0[m[K,
                 from [01m[K/usr/include/boost/math/special_functions/math_fwd.hpp:26[m[K,
                 from [01m[K/usr/include/boost/math/special_functions/round.hpp:15[m[K,
                 from [01m[K/opt/ros/melodic/include/ros/time.h:58[m[K,
                 from [01m[K/opt/ros/melodic/include/ros/ros.h:38[m[K,
                 from [01m[K/home/aims/catkin_ws/src/Onboard-SDK-ROS-3.8.1/dji_sdk/src/platform_simulator.cpp:5[m[K:
[01m[K/usr/include/c++/7/bits/stl_vector.h:1042:7:[m[K [01;36m[Knote: [m[Kcandidate: std::vector<_Tp, _Alloc>::iterator std::vector<_Tp, _Alloc>::insert(std::vector<_Tp, _Alloc>::const_iterator, std::vector<_Tp, _Alloc>::value_type&&) [with _Tp = geometry_msgs::TransformStamped_<std::allocator<void> >; _Alloc = std::allocator<geometry_msgs::TransformStamped_<std::allocator<void> > >; std::vector<_Tp, _Alloc>::iterator = __gnu_cxx::__normal_iterator<geometry_msgs::TransformStamped_<std::allocator<void> >*, std::vector<geometry_msgs::TransformStamped_<std::allocator<void> >, std::allocator<geometry_msgs::TransformStamped_<std::allocator<void> > > > >; typename std::_Vector_base<_Tp, _Alloc>::pointer = geometry_msgs::TransformStamped_<std::allocator<void> >*; std::vector<_Tp, _Alloc>::const_iterator = __gnu_cxx::__normal_iterator<const geometry_msgs::TransformStamped_<std::allocator<void> >*, std::vector<geometry_msgs::TransformStamped_<std::allocator<void> >, std::allocator<geometry_msgs::TransformStamped_<std::allocator<void> > > > >; typename __gnu_cxx::__alloc_traits<typename std::_Vector_base<_Tp, _Alloc>::_Tp_alloc_type>::const_pointer = const geometry_msgs::TransformStamped_<std::allocator<void> >*; std::vector<_Tp, _Alloc>::value_type = geometry_msgs::TransformStamped_<std::allocator<void> >]
       [01;36m[Kinsert[m[K(const_iterator __position, value_type&& __x)
       [01;36m[K^~~~~~[m[K
[01m[K/usr/include/c++/7/bits/stl_vector.h:1042:7:[m[K [01;36m[Knote: [m[K  candidate expects 2 arguments, 1 provided
[01m[K/usr/include/c++/7/bits/stl_vector.h:1059:7:[m[K [01;36m[Knote: [m[Kcandidate: std::vector<_Tp, _Alloc>::iterator std::vector<_Tp, _Alloc>::insert(std::vector<_Tp, _Alloc>::const_iterator, std::initializer_list<_Tp>) [with _Tp = geometry_msgs::TransformStamped_<std::allocator<void> >; _Alloc = std::allocator<geometry_msgs::TransformStamped_<std::allocator<void> > >; std::vector<_Tp, _Alloc>::iterator = __gnu_cxx::__normal_iterator<geometry_msgs::TransformStamped_<std::allocator<void> >*, std::vector<geometry_msgs::TransformStamped_<std::allocator<void> >, std::allocator<geometry_msgs::TransformStamped_<std::allocator<void> > > > >; typename std::_Vector_base<_Tp, _Alloc>::pointer = geometry_msgs::TransformStamped_<std::allocator<void> >*; std::vector<_Tp, _Alloc>::const_iterator = __gnu_cxx::__normal_iterator<const geometry_msgs::TransformStamped_<std::allocator<void> >*, std::vector<geometry_msgs::TransformStamped_<std::allocator<void> >, std::allocator<geometry_msgs::TransformStamped_<std::allocator<void> > > > >; typename __gnu_cxx::__alloc_traits<typename std::_Vector_base<_Tp, _Alloc>::_Tp_alloc_type>::const_pointer = const geometry_msgs::TransformStamped_<std::allocator<void> >*]
       [01;36m[Kinsert[m[K(const_iterator __position, initializer_list<value_type> __l)
       [01;36m[K^~~~~~[m[K
[01m[K/usr/include/c++/7/bits/stl_vector.h:1059:7:[m[K [01;36m[Knote: [m[K  candidate expects 2 arguments, 1 provided
[01m[K/usr/include/c++/7/bits/stl_vector.h:1084:7:[m[K [01;36m[Knote: [m[Kcandidate: std::vector<_Tp, _Alloc>::iterator std::vector<_Tp, _Alloc>::insert(std::vector<_Tp, _Alloc>::const_iterator, std::vector<_Tp, _Alloc>::size_type, const value_type&) [with _Tp = geometry_msgs::TransformStamped_<std::allocator<void> >; _Alloc = std::allocator<geometry_msgs::TransformStamped_<std::allocator<void> > >; std::vector<_Tp, _Alloc>::iterator = __gnu_cxx::__normal_iterator<geometry_msgs::TransformStamped_<std::allocator<void> >*, std::vector<geometry_msgs::TransformStamped_<std::allocator<void> >, std::allocator<geometry_msgs::TransformStamped_<std::allocator<void> > > > >; typename std::_Vector_base<_Tp, _Alloc>::pointer = geometry_msgs::TransformStamped_<std::allocator<void> >*; std::vector<_Tp, _Alloc>::const_iterator = __gnu_cxx::__normal_iterator<const geometry_msgs::TransformStamped_<std::allocator<void> >*, std::vector<geometry_msgs::TransformStamped_<std::allocator<void> >, std::allocator<geometry_msgs::TransformStamped_<std::allocator<void> > > > >; typename __gnu_cxx::__alloc_traits<typename std::_Vector_base<_Tp, _Alloc>::_Tp_alloc_type>::const_pointer = const geometry_msgs::TransformStamped_<std::allocator<void> >*; std::vector<_Tp, _Alloc>::size_type = long unsigned int; std::vector<_Tp, _Alloc>::value_type = geometry_msgs::TransformStamped_<std::allocator<void> >]
       [01;36m[Kinsert[m[K(const_iterator __position, size_type __n, const value_type& __x)
       [01;36m[K^~~~~~[m[K
[01m[K/usr/include/c++/7/bits/stl_vector.h:1084:7:[m[K [01;36m[Knote: [m[K  candidate expects 3 arguments, 1 provided
[01m[K/usr/include/c++/7/bits/stl_vector.h:1128:2:[m[K [01;36m[Knote: [m[Kcandidate: template<class _InputIterator, class> std::vector<_Tp, _Alloc>::iterator std::vector<_Tp, _Alloc>::insert(std::vector<_Tp, _Alloc>::const_iterator, _InputIterator, _InputIterator) [with _InputIterator = _InputIterator; <template-parameter-2-2> = <template-parameter-1-2>; _Tp = geometry_msgs::TransformStamped_<std::allocator<void> >; _Alloc = std::allocator<geometry_msgs::TransformStamped_<std::allocator<void> > >]
  [01;36m[Kinsert[m[K(const_iterator __position, _InputIterator __first,
  [01;36m[K^~~~~~[m[K
[01m[K/usr/include/c++/7/bits/stl_vector.h:1128:2:[m[K [01;36m[Knote: [m[K  template argument deduction/substitution failed:
[01m[K/home/aims/catkin_ws/src/Onboard-SDK-ROS-3.8.1/dji_sdk/src/platform_simulator.cpp:180:39:[m[K [01;36m[Knote: [m[K  candidate expects 3 arguments, 1 provided
     tag_po.transforms.insert(transform[01;36m[K)[m[K;
                                       [01;36m[K^[m[K
make[2]: *** [CMakeFiles/platform_simulator.dir/src/platform_simulator.cpp.o] Error 1
make[1]: *** [CMakeFiles/platform_simulator.dir/all] Error 2
make: *** [all] Error 2
