[  0%] Built target std_msgs_generate_messages_py
[  0%] Built target geometry_msgs_generate_messages_py
[  0%] Built target sensor_msgs_generate_messages_py
[  0%] Built target nav_msgs_generate_messages_py
[  0%] Built target _dji_sdk_generate_messages_check_deps_MFIOSetValue
[  0%] Built target _dji_sdk_generate_messages_check_deps_SetupCameraStream
[  0%] Built target _dji_sdk_generate_messages_check_deps_MissionHpUpdateYawRate
[  0%] Built target _dji_sdk_generate_messages_check_deps_SetHardSync
[  0%] Built target _dji_sdk_generate_messages_check_deps_SDKControlAuthority
[  0%] Built target _dji_sdk_generate_messages_check_deps_DroneArmControl
[  0%] Built target _dji_sdk_generate_messages_check_deps_QueryDroneVersion
[  0%] Built target _dji_sdk_generate_messages_check_deps_SendMobileData
[  0%] Built target _dji_sdk_generate_messages_check_deps_MissionHpUpload
[  0%] Built target _dji_sdk_generate_messages_check_deps_MissionWpGetInfo
[  0%] Built target _dji_sdk_generate_messages_check_deps_MobileData
[  0%] Built target _dji_sdk_generate_messages_check_deps_MissionStatus
[  0%] Built target _dji_sdk_generate_messages_check_deps_Stereo240pSubscription
[  0%] Built target _dji_sdk_generate_messages_check_deps_MissionHpGetInfo
[  0%] Built target _dji_sdk_generate_messages_check_deps_FCTimeInUTC
[  0%] Built target _dji_sdk_generate_messages_check_deps_MissionHpAction
[  0%] Built target _dji_sdk_generate_messages_check_deps_MissionWpAction
[  0%] Built target _dji_sdk_generate_messages_check_deps_StereoVGASubscription
[  0%] Built target _dji_sdk_generate_messages_check_deps_Waypoint
[  0%] Built target _dji_sdk_generate_messages_check_deps_MissionHpResetYaw
[  0%] Built target _dji_sdk_generate_messages_check_deps_MissionWaypointTask
[  0%] Built target _dji_sdk_generate_messages_check_deps_VOPosition
[  0%] Built target _dji_sdk_generate_messages_check_deps_SendPayloadData
[  0%] Built target _dji_sdk_generate_messages_check_deps_MissionWaypointAction
[  0%] Built target _dji_sdk_generate_messages_check_deps_PayloadData
[  0%] Built target _dji_sdk_generate_messages_check_deps_SetLocalPosRef
[  0%] Built target _dji_sdk_generate_messages_check_deps_Activation
[  0%] Built target _dji_sdk_generate_messages_check_deps_FlightAnomaly
[  0%] Built target _dji_sdk_generate_messages_check_deps_CameraAction
[  0%] Built target _dji_sdk_generate_messages_check_deps_GPSUTC
[  0%] Built target _dji_sdk_generate_messages_check_deps_MissionWpSetSpeed
[  0%] Built target _dji_sdk_generate_messages_check_deps_DroneTaskControl
[  0%] Built target _dji_sdk_generate_messages_check_deps_MissionHotpointTask
[  0%] Built target _dji_sdk_generate_messages_check_deps_MissionHpUpdateRadius
[  0%] Built target _dji_sdk_generate_messages_check_deps_WaypointList
[  0%] Built target _dji_sdk_generate_messages_check_deps_Gimbal
[  0%] Built target geometry_msgs_generate_messages_cpp
[  0%] Built target _dji_sdk_generate_messages_check_deps_MissionWpGetSpeed
[  0%] Built target _dji_sdk_generate_messages_check_deps_MFIOConfig
[  0%] Built target std_msgs_generate_messages_cpp
[  0%] Built target sensor_msgs_generate_messages_cpp
[  0%] Built target _dji_sdk_generate_messages_check_deps_StereoDepthSubscription
[  0%] Built target nav_msgs_generate_messages_cpp
[  0%] Built target _dji_sdk_generate_messages_check_deps_MissionWpUpload
[  0%] Built target geometry_msgs_generate_messages_eus
[  0%] Built target std_msgs_generate_messages_eus
[  0%] Built target sensor_msgs_generate_messages_eus
[  0%] Built target _dji_sdk_generate_messages_check_deps_MissionWaypoint
[  0%] Built target nav_msgs_generate_messages_eus
[  0%] Built target geometry_msgs_generate_messages_lisp
[  0%] Built target std_msgs_generate_messages_lisp
[  0%] Built target sensor_msgs_generate_messages_lisp
[  0%] Built target nav_msgs_generate_messages_lisp
[  0%] Built target std_msgs_generate_messages_nodejs
[  0%] Built target geometry_msgs_generate_messages_nodejs
[  0%] Built target nav_msgs_generate_messages_nodejs
[  0%] Built target sensor_msgs_generate_messages_nodejs
[ 15%] Built target dji_sdk_generate_messages_cpp
[ 36%] Built target dji_sdk_generate_messages_py
[ 49%] Built target dji_sdk_generate_messages_eus
[ 65%] Built target dji_sdk_generate_messages_lisp
[ 82%] Built target dji_sdk_generate_messages_nodejs
[35m[1mConsolidate compiler generated dependencies of target talker_ros_19[0m
[ 83%] Built target talker_ros_18
[ 84%] Built target talker_sim_1
[ 83%] Built target talker_ros_17
[ 84%] Built target talker_sim_2
[ 84%] [32mBuilding CXX object CMakeFiles/talker_ros_19.dir/src/talker_ros_19.cpp.o[0m
[ 85%] Built target talker_sim_3
[ 85%] Built target platform_simulator
[ 86%] Built target talker_sim_4
[ 90%] Built target dji_sdk_node
[ 90%] Built target get_tf
[ 91%] Built target test_code
[ 92%] Built target camera_to_tf
[ 93%] Built target camera_pub
[ 93%] Built target camera_pub_no_imshow
[ 94%] Built target camera_pub_and_apriltag
[ 95%] Built target chk_gimbal
[ 96%] Built target save_log
[ 96%] Built target dji_sdk_generate_messages
[ 97%] Built target save_log_100
[ 97%] Built target calculate_vel
[ 98%] Built target save_log_sim
[01m[K/home/aims/catkin_ws/src/Onboard-SDK-ROS-3.8.1/dji_sdk/src/talker_ros_19.cpp:[m[K In lambda function:
[01m[K/home/aims/catkin_ws/src/Onboard-SDK-ROS-3.8.1/dji_sdk/src/talker_ros_19.cpp:250:34:[m[K [01;31m[Kerror: [m[K‘[01m[Kn[m[K’ is not captured
       ros::Subscriber sub_tf_2 = [01;31m[Kn[m[K.subscribe("tf_2", 1000, callback_tf_2);
                                  [01;31m[K^[m[K
[01m[K/home/aims/catkin_ws/src/Onboard-SDK-ROS-3.8.1/dji_sdk/src/talker_ros_19.cpp:247:20:[m[K [01;36m[Knote: [m[Kthe lambda has no capture-default
   auto ros_spin = [[01;36m[K][m[K()
                    [01;36m[K^[m[K
[01m[K/home/aims/catkin_ws/src/Onboard-SDK-ROS-3.8.1/dji_sdk/src/talker_ros_19.cpp:142:19:[m[K [01;36m[Knote: [m[K‘[01m[Kros::NodeHandle n[m[K’ declared here
   ros::NodeHandle [01;36m[Kn[m[K;
                   [01;36m[K^[m[K
CMakeFiles/talker_ros_19.dir/build.make:75: recipe for target 'CMakeFiles/talker_ros_19.dir/src/talker_ros_19.cpp.o' failed
make[2]: *** [CMakeFiles/talker_ros_19.dir/src/talker_ros_19.cpp.o] Error 1
CMakeFiles/Makefile2:3632: recipe for target 'CMakeFiles/talker_ros_19.dir/all' failed
make[1]: *** [CMakeFiles/talker_ros_19.dir/all] Error 2
Makefile:145: recipe for target 'all' failed
make: *** [all] Error 2
