[01m[K/home/aims/catkin_ws/src/Onboard-SDK-ROS-3.8.1/dji_sdk/src/talker_ros_19.cpp:[m[K In lambda function:
[01m[K/home/aims/catkin_ws/src/Onboard-SDK-ROS-3.8.1/dji_sdk/src/talker_ros_19.cpp:346:11:[m[K [01;31m[Kerror: [m[K‘[01m[Kv_x[m[K’ was not declared in this scope
           [01;31m[Kv_x[m[K = 0;
           [01;31m[K^~~[m[K
[01m[K/home/aims/catkin_ws/src/Onboard-SDK-ROS-3.8.1/dji_sdk/src/talker_ros_19.cpp:346:11:[m[K [01;36m[Knote: [m[Ksuggested alternative: ‘[01m[Kd_x[m[K’
           [01;36m[Kv_x[m[K = 0;
           [01;36m[K^~~[m[K
           [32m[Kd_x[m[K
[01m[K/home/aims/catkin_ws/src/Onboard-SDK-ROS-3.8.1/dji_sdk/src/talker_ros_19.cpp:347:11:[m[K [01;31m[Kerror: [m[K‘[01m[Kv_y[m[K’ was not declared in this scope
           [01;31m[Kv_y[m[K = 0;
           [01;31m[K^~~[m[K
[01m[K/home/aims/catkin_ws/src/Onboard-SDK-ROS-3.8.1/dji_sdk/src/talker_ros_19.cpp:347:11:[m[K [01;36m[Knote: [m[Ksuggested alternative: ‘[01m[Kd_y[m[K’
           [01;36m[Kv_y[m[K = 0;
           [01;36m[K^~~[m[K
           [32m[Kd_y[m[K
[01m[K/home/aims/catkin_ws/src/Onboard-SDK-ROS-3.8.1/dji_sdk/src/talker_ros_19.cpp:350:38:[m[K [01;31m[Kerror: [m[K‘[01m[Kv_x[m[K’ was not declared in this scope
         move_right = kp * d_x + kd * [01;31m[Kv_x[m[K;
                                      [01;31m[K^~~[m[K
[01m[K/home/aims/catkin_ws/src/Onboard-SDK-ROS-3.8.1/dji_sdk/src/talker_ros_19.cpp:350:38:[m[K [01;36m[Knote: [m[Ksuggested alternative: ‘[01m[Kd_x[m[K’
         move_right = kp * d_x + kd * [01;36m[Kv_x[m[K;
                                      [01;36m[K^~~[m[K
                                      [32m[Kd_x[m[K
[01m[K/home/aims/catkin_ws/src/Onboard-SDK-ROS-3.8.1/dji_sdk/src/talker_ros_19.cpp:351:38:[m[K [01;31m[Kerror: [m[K‘[01m[Kv_y[m[K’ was not declared in this scope
         move_front = kp * d_y + kd * [01;31m[Kv_y[m[K;
                                      [01;31m[K^~~[m[K
[01m[K/home/aims/catkin_ws/src/Onboard-SDK-ROS-3.8.1/dji_sdk/src/talker_ros_19.cpp:351:38:[m[K [01;36m[Knote: [m[Ksuggested alternative: ‘[01m[Kd_y[m[K’
         move_front = kp * d_y + kd * [01;36m[Kv_y[m[K;
                                      [01;36m[K^~~[m[K
                                      [32m[Kd_y[m[K
make[2]: *** [CMakeFiles/talker_ros_19.dir/src/talker_ros_19.cpp.o] Error 1
make[1]: *** [CMakeFiles/talker_ros_19.dir/all] Error 2
make: *** [all] Error 2
