[  0%] Built target nav_msgs_generate_messages_py
[  0%] Built target std_msgs_generate_messages_py
[  0%] Built target geometry_msgs_generate_messages_py
[  0%] Built target sensor_msgs_generate_messages_py
[  0%] Built target _dji_sdk_generate_messages_check_deps_MFIOSetValue
[  0%] Built target _dji_sdk_generate_messages_check_deps_MissionHpUpdateYawRate
[  0%] Built target _dji_sdk_generate_messages_check_deps_SetupCameraStream
[  0%] Built target _dji_sdk_generate_messages_check_deps_SetHardSync
[  0%] Built target _dji_sdk_generate_messages_check_deps_SDKControlAuthority
[  0%] Built target _dji_sdk_generate_messages_check_deps_QueryDroneVersion
[  0%] Built target _dji_sdk_generate_messages_check_deps_DroneArmControl
[  0%] Built target _dji_sdk_generate_messages_check_deps_SendMobileData
[  0%] Built target _dji_sdk_generate_messages_check_deps_MissionWpGetInfo
[  0%] Built target _dji_sdk_generate_messages_check_deps_MissionHpUpload
[  0%] Built target _dji_sdk_generate_messages_check_deps_MobileData
[  0%] Built target _dji_sdk_generate_messages_check_deps_MissionStatus
[  0%] Built target _dji_sdk_generate_messages_check_deps_MissionHpGetInfo
[  0%] Built target _dji_sdk_generate_messages_check_deps_Stereo240pSubscription
[  0%] Built target _dji_sdk_generate_messages_check_deps_FCTimeInUTC
[  0%] Built target _dji_sdk_generate_messages_check_deps_MissionWpAction
[  0%] Built target _dji_sdk_generate_messages_check_deps_MissionHpAction
[  0%] Built target _dji_sdk_generate_messages_check_deps_Waypoint
[  0%] Built target _dji_sdk_generate_messages_check_deps_StereoVGASubscription
[  0%] Built target _dji_sdk_generate_messages_check_deps_MissionWaypointTask
[  0%] Built target _dji_sdk_generate_messages_check_deps_MissionHpResetYaw
[  0%] Built target _dji_sdk_generate_messages_check_deps_VOPosition
[  0%] Built target _dji_sdk_generate_messages_check_deps_SendPayloadData
[  0%] Built target _dji_sdk_generate_messages_check_deps_MissionWaypointAction
[  0%] Built target _dji_sdk_generate_messages_check_deps_SetLocalPosRef
[  0%] Built target _dji_sdk_generate_messages_check_deps_Activation
[  0%] Built target _dji_sdk_generate_messages_check_deps_PayloadData
[  0%] Built target _dji_sdk_generate_messages_check_deps_FlightAnomaly
[  0%] Built target _dji_sdk_generate_messages_check_deps_CameraAction
[  0%] Built target _dji_sdk_generate_messages_check_deps_GPSUTC
[  0%] Built target _dji_sdk_generate_messages_check_deps_MissionWpSetSpeed
[  0%] Built target _dji_sdk_generate_messages_check_deps_DroneTaskControl
[  0%] Built target _dji_sdk_generate_messages_check_deps_MissionHpUpdateRadius
[  0%] Built target _dji_sdk_generate_messages_check_deps_MissionHotpointTask
[  0%] Built target _dji_sdk_generate_messages_check_deps_WaypointList
[  0%] Built target _dji_sdk_generate_messages_check_deps_Gimbal
[  0%] Built target _dji_sdk_generate_messages_check_deps_MissionWpGetSpeed
[  0%] Built target _dji_sdk_generate_messages_check_deps_MFIOConfig
[  0%] Built target _dji_sdk_generate_messages_check_deps_StereoDepthSubscription
[  0%] Built target geometry_msgs_generate_messages_cpp
[  0%] Built target std_msgs_generate_messages_cpp
[  0%] Built target nav_msgs_generate_messages_cpp
[  0%] Built target _dji_sdk_generate_messages_check_deps_MissionWpUpload
[  0%] Built target sensor_msgs_generate_messages_cpp
[  0%] Built target geometry_msgs_generate_messages_eus
[  0%] Built target std_msgs_generate_messages_eus
[  0%] Built target nav_msgs_generate_messages_eus
[  0%] Built target _dji_sdk_generate_messages_check_deps_MissionWaypoint
[  0%] Built target sensor_msgs_generate_messages_eus
[  0%] Built target geometry_msgs_generate_messages_lisp
[  0%] Built target std_msgs_generate_messages_lisp
[  0%] Built target nav_msgs_generate_messages_lisp
[  0%] Built target sensor_msgs_generate_messages_lisp
[  0%] Built target std_msgs_generate_messages_nodejs
[  0%] Built target geometry_msgs_generate_messages_nodejs
[  0%] Built target nav_msgs_generate_messages_nodejs
[  0%] Built target sensor_msgs_generate_messages_nodejs
[ 17%] Built target dji_sdk_generate_messages_py
[ 32%] Built target dji_sdk_generate_messages_cpp
[ 48%] Built target dji_sdk_generate_messages_eus
[ 64%] Built target dji_sdk_generate_messages_lisp
[ 80%] Built target dji_sdk_generate_messages_nodejs
[35m[1mConsolidate compiler generated dependencies of target talker_ros_19[0m
[ 80%] Built target talker_ros_17
[ 81%] Built target talker_ros_18
[ 82%] Built target talker_sim_1
[ 82%] Built target talker_sim_2
[ 83%] Built target talker_ros_19
[ 84%] Built target test_code
[ 85%] Built target talker_sim_3
[ 89%] Built target dji_sdk_node
[ 90%] Built target talker_sim_4
[ 90%] [32mBuilding CXX object CMakeFiles/platform_simulator.dir/src/platform_simulator.cpp.o[0m
[ 91%] Built target get_tf
[ 92%] Built target camera_to_tf
[ 93%] Built target camera_pub
[ 94%] Built target camera_pub_and_apriltag
[ 94%] Built target camera_pub_no_imshow
[ 94%] Built target save_log
[ 95%] Built target chk_gimbal
[ 96%] Built target save_log_100
[ 97%] Built target save_log_sim
[ 97%] Built target dji_sdk_generate_messages
[ 98%] Built target save_log_platform
[ 98%] Built target calculate_vel
[01m[K/home/aims/catkin_ws/src/Onboard-SDK-ROS-3.8.1/dji_sdk/src/platform_simulator.cpp:[m[K In lambda function:
[01m[K/home/aims/catkin_ws/src/Onboard-SDK-ROS-3.8.1/dji_sdk/src/platform_simulator.cpp:296:44:[m[K [01;31m[Kerror: [m[K‘[01m[Kvel_dt_all[m[K’ was not declared in this scope
               tag_e = vo_e_start + dist - ([01;31m[Kvel_dt_all[m[K - dist * 2);
                                            [01;31m[K^~~~~~~~~~[m[K
[01m[K/home/aims/catkin_ws/src/Onboard-SDK-ROS-3.8.1/dji_sdk/src/platform_simulator.cpp:296:44:[m[K [01;36m[Knote: [m[Ksuggested alternative: ‘[01m[Kdt_all[m[K’
               tag_e = vo_e_start + dist - ([01;36m[Kvel_dt_all[m[K - dist * 2);
                                            [01;36m[K^~~~~~~~~~[m[K
                                            [32m[Kdt_all[m[K
[01m[K/home/aims/catkin_ws/src/Onboard-SDK-ROS-3.8.1/dji_sdk/src/platform_simulator.cpp:301:44:[m[K [01;31m[Kerror: [m[K‘[01m[Kvel_dt_all[m[K’ was not declared in this scope
               tag_n = vo_n_start + dist - ([01;31m[Kvel_dt_all[m[K - dist * 3);
                                            [01;31m[K^~~~~~~~~~[m[K
[01m[K/home/aims/catkin_ws/src/Onboard-SDK-ROS-3.8.1/dji_sdk/src/platform_simulator.cpp:301:44:[m[K [01;36m[Knote: [m[Ksuggested alternative: ‘[01m[Kdt_all[m[K’
               tag_n = vo_n_start + dist - ([01;36m[Kvel_dt_all[m[K - dist * 3);
                                            [01;36m[K^~~~~~~~~~[m[K
                                            [32m[Kdt_all[m[K
[01m[K/home/aims/catkin_ws/src/Onboard-SDK-ROS-3.8.1/dji_sdk/src/platform_simulator.cpp:321:37:[m[K [01;31m[Kerror: [m[K‘[01m[Kvel_dt_all[m[K’ was not declared in this scope
               tag_e = vo_e_start + ([01;31m[Kvel_dt_all[m[K - dist * 2);
                                     [01;31m[K^~~~~~~~~~[m[K
[01m[K/home/aims/catkin_ws/src/Onboard-SDK-ROS-3.8.1/dji_sdk/src/platform_simulator.cpp:321:37:[m[K [01;36m[Knote: [m[Ksuggested alternative: ‘[01m[Kdt_all[m[K’
               tag_e = vo_e_start + ([01;36m[Kvel_dt_all[m[K - dist * 2);
                                     [01;36m[K^~~~~~~~~~[m[K
                                     [32m[Kdt_all[m[K
[01m[K/home/aims/catkin_ws/src/Onboard-SDK-ROS-3.8.1/dji_sdk/src/platform_simulator.cpp:325:43:[m[K [01;31m[Kerror: [m[K‘[01m[Kvel_dt_all[m[K’ was not declared in this scope
               tag_e = vo_e_start+ dist - ([01;31m[Kvel_dt_all[m[K - dist * 3);
                                           [01;31m[K^~~~~~~~~~[m[K
[01m[K/home/aims/catkin_ws/src/Onboard-SDK-ROS-3.8.1/dji_sdk/src/platform_simulator.cpp:325:43:[m[K [01;36m[Knote: [m[Ksuggested alternative: ‘[01m[Kdt_all[m[K’
               tag_e = vo_e_start+ dist - ([01;36m[Kvel_dt_all[m[K - dist * 3);
                                           [01;36m[K^~~~~~~~~~[m[K
                                           [32m[Kdt_all[m[K
CMakeFiles/platform_simulator.dir/build.make:75: recipe for target 'CMakeFiles/platform_simulator.dir/src/platform_simulator.cpp.o' failed
make[2]: *** [CMakeFiles/platform_simulator.dir/src/platform_simulator.cpp.o] Error 1
CMakeFiles/Makefile2:3764: recipe for target 'CMakeFiles/platform_simulator.dir/all' failed
make[1]: *** [CMakeFiles/platform_simulator.dir/all] Error 2
Makefile:145: recipe for target 'all' failed
make: *** [all] Error 2
