[01m[K/home/aims/catkin_ws/src/Onboard-SDK-ROS-3.8.1/dji_sdk/src/platform_simulator.cpp:63:4:[m[K [01;31m[Kerror: [m[Kexpected ‘[01m[K;[m[K’ after struct definition
   }
    [01;31m[K^[m[K
    [32m[K;[m[K
[01m[K/home/aims/catkin_ws/src/Onboard-SDK-ROS-3.8.1/dji_sdk/src/platform_simulator.cpp:64:2:[m[K [01;31m[Kerror: [m[Kexpected ‘[01m[K;[m[K’ after struct definition
 }
  [01;31m[K^[m[K
  [32m[K;[m[K
[01m[K/home/aims/catkin_ws/src/Onboard-SDK-ROS-3.8.1/dji_sdk/src/platform_simulator.cpp:[m[K In lambda function:
[01m[K/home/aims/catkin_ws/src/Onboard-SDK-ROS-3.8.1/dji_sdk/src/platform_simulator.cpp:168:33:[m[K [01;31m[Kerror: [m[Kreference to ‘[01m[Ktransform[m[K’ is ambiguous
     tag_po.transforms.push_back([01;31m[Ktransform[m[K);
                                 [01;31m[K^~~~~~~~~[m[K
[01m[K/home/aims/catkin_ws/src/Onboard-SDK-ROS-3.8.1/dji_sdk/src/platform_simulator.cpp:58:8:[m[K [01;36m[Knote: [m[Kcandidates are: struct transform
 struct [01;36m[Ktransform[m[K {
        [01;36m[K^~~~~~~~~[m[K
In file included from [01m[K/usr/include/c++/7/algorithm:62:0[m[K,
                 from [01m[K/usr/include/boost/math/tools/config.hpp:18[m[K,
                 from [01m[K/usr/include/boost/math/special_functions/round.hpp:13[m[K,
                 from [01m[K/opt/ros/melodic/include/ros/time.h:58[m[K,
                 from [01m[K/opt/ros/melodic/include/ros/ros.h:38[m[K,
                 from [01m[K/home/aims/catkin_ws/src/Onboard-SDK-ROS-3.8.1/dji_sdk/src/platform_simulator.cpp:5[m[K:
[01m[K/usr/include/c++/7/bits/stl_algo.h:4332:5:[m[K [01;36m[Knote: [m[K                template<class _IIter1, class _IIter2, class _OIter, class _BinaryOperation> _OIter std::transform(_IIter1, _IIter1, _IIter2, _OIter, _BinaryOperation)
     [01;36m[Ktransform[m[K(_InputIterator1 __first1, _InputIterator1 __last1,
     [01;36m[K^~~~~~~~~[m[K
[01m[K/usr/include/c++/7/bits/stl_algo.h:4295:5:[m[K [01;36m[Knote: [m[K                template<class _IIter, class _OIter, class _UnaryOperation> _OIter std::transform(_IIter, _IIter, _OIter, _UnaryOperation)
     [01;36m[Ktransform[m[K(_InputIterator __first, _InputIterator __last,
     [01;36m[K^~~~~~~~~[m[K
[01m[K/home/aims/catkin_ws/src/Onboard-SDK-ROS-3.8.1/dji_sdk/src/platform_simulator.cpp:170:36:[m[K [01;31m[Kerror: [m[K‘[01m[Kgeometry_msgs::TransformStamped_<std::allocator<void> >::_transform_type {aka struct geometry_msgs::Transform_<std::allocator<void> >}[m[K’ has no member named ‘[01m[Kx[m[K’
     tag_po.transforms[0].transform.[01;31m[Kx[m[K = 1;
                                    [01;31m[K^[m[K
make[2]: *** [CMakeFiles/platform_simulator.dir/src/platform_simulator.cpp.o] Error 1
make[1]: *** [CMakeFiles/platform_simulator.dir/all] Error 2
make: *** [all] Error 2
