[  0%] Built target std_msgs_generate_messages_py
[  0%] Built target geometry_msgs_generate_messages_py
[  0%] Built target nav_msgs_generate_messages_py
[  0%] Built target sensor_msgs_generate_messages_py
[  0%] Built target _dji_sdk_generate_messages_check_deps_MFIOSetValue
[  0%] Built target _dji_sdk_generate_messages_check_deps_SetupCameraStream
[  0%] Built target _dji_sdk_generate_messages_check_deps_MissionHpUpdateYawRate
[  0%] Built target _dji_sdk_generate_messages_check_deps_SetHardSync
[  0%] Built target _dji_sdk_generate_messages_check_deps_SDKControlAuthority
[  0%] Built target _dji_sdk_generate_messages_check_deps_DroneArmControl
[  0%] Built target _dji_sdk_generate_messages_check_deps_QueryDroneVersion
[  0%] Built target _dji_sdk_generate_messages_check_deps_SendMobileData
[  0%] Built target _dji_sdk_generate_messages_check_deps_MissionWpGetInfo
[  0%] Built target _dji_sdk_generate_messages_check_deps_MissionHpUpload
[  0%] Built target _dji_sdk_generate_messages_check_deps_MobileData
[  0%] Built target _dji_sdk_generate_messages_check_deps_MissionStatus
[  0%] Built target _dji_sdk_generate_messages_check_deps_MissionHpGetInfo
[  0%] Built target _dji_sdk_generate_messages_check_deps_Stereo240pSubscription
[  0%] Built target _dji_sdk_generate_messages_check_deps_FCTimeInUTC
[  0%] Built target _dji_sdk_generate_messages_check_deps_MissionHpAction
[  0%] Built target _dji_sdk_generate_messages_check_deps_MissionWpAction
[  0%] Built target _dji_sdk_generate_messages_check_deps_Waypoint
[  0%] Built target _dji_sdk_generate_messages_check_deps_StereoVGASubscription
[  0%] Built target _dji_sdk_generate_messages_check_deps_VOPosition
[  0%] Built target _dji_sdk_generate_messages_check_deps_MissionHpResetYaw
[  0%] Built target _dji_sdk_generate_messages_check_deps_MissionWaypointTask
[  0%] Built target _dji_sdk_generate_messages_check_deps_SendPayloadData
[  0%] Built target _dji_sdk_generate_messages_check_deps_MissionWaypointAction
[  0%] Built target _dji_sdk_generate_messages_check_deps_PayloadData
[  0%] Built target _dji_sdk_generate_messages_check_deps_SetLocalPosRef
[  0%] Built target _dji_sdk_generate_messages_check_deps_Activation
[  0%] Built target _dji_sdk_generate_messages_check_deps_FlightAnomaly
[  0%] Built target _dji_sdk_generate_messages_check_deps_CameraAction
[  0%] Built target _dji_sdk_generate_messages_check_deps_GPSUTC
[  0%] Built target _dji_sdk_generate_messages_check_deps_DroneTaskControl
[  0%] Built target _dji_sdk_generate_messages_check_deps_MissionWpSetSpeed
[  0%] Built target _dji_sdk_generate_messages_check_deps_MissionHotpointTask
[  0%] Built target _dji_sdk_generate_messages_check_deps_MissionHpUpdateRadius
[  0%] Built target _dji_sdk_generate_messages_check_deps_WaypointList
[  0%] Built target _dji_sdk_generate_messages_check_deps_Gimbal
[  0%] Built target _dji_sdk_generate_messages_check_deps_MissionWpGetSpeed
[  0%] Built target _dji_sdk_generate_messages_check_deps_MFIOConfig
[  0%] Built target geometry_msgs_generate_messages_cpp
[  0%] Built target _dji_sdk_generate_messages_check_deps_StereoDepthSubscription
[  0%] Built target std_msgs_generate_messages_cpp
[  0%] Built target nav_msgs_generate_messages_cpp
[  0%] Built target _dji_sdk_generate_messages_check_deps_MissionWpUpload
[  0%] Built target sensor_msgs_generate_messages_cpp
[  0%] Built target geometry_msgs_generate_messages_eus
[  0%] Built target std_msgs_generate_messages_eus
[  0%] Built target nav_msgs_generate_messages_eus
[  0%] Built target _dji_sdk_generate_messages_check_deps_MissionWaypoint
[  0%] Built target sensor_msgs_generate_messages_eus
[  0%] Built target std_msgs_generate_messages_lisp
[  0%] Built target geometry_msgs_generate_messages_lisp
[  0%] Built target nav_msgs_generate_messages_lisp
[  0%] Built target sensor_msgs_generate_messages_lisp
[  0%] Built target geometry_msgs_generate_messages_nodejs
[  0%] Built target std_msgs_generate_messages_nodejs
[  0%] Built target nav_msgs_generate_messages_nodejs
[  0%] Built target sensor_msgs_generate_messages_nodejs
[ 15%] Built target dji_sdk_generate_messages_py
[ 31%] Built target dji_sdk_generate_messages_cpp
[ 46%] Built target dji_sdk_generate_messages_eus
[ 63%] Built target dji_sdk_generate_messages_lisp
[ 79%] Built target dji_sdk_generate_messages_nodejs
[35m[1mConsolidate compiler generated dependencies of target talker_ros_18[0m
[35m[1mConsolidate compiler generated dependencies of target talker_ros_17[0m
[35m[1mConsolidate compiler generated dependencies of target talker_ros_20[0m
[35m[1mConsolidate compiler generated dependencies of target talker_sim_1[0m
[ 80%] Built target talker_ros_19
[ 80%] Built target talker_ros_18
[ 81%] Built target talker_ros_17
[35m[1mConsolidate compiler generated dependencies of target talker_sim_2[0m
[ 82%] Built target talker_sim_1
[ 83%] Built target talker_ros_20
[35m[1mConsolidate compiler generated dependencies of target talker_sim_3[0m
[35m[1mConsolidate compiler generated dependencies of target talker_sim_4[0m
[35m[1mConsolidate compiler generated dependencies of target dji_sdk_node[0m
[35m[1mConsolidate compiler generated dependencies of target get_tf[0m
[35m[1mConsolidate compiler generated dependencies of target platform_simulator[0m
[ 83%] Built target talker_sim_2
[35m[1mConsolidate compiler generated dependencies of target test_code[0m
[ 85%] Built target talker_sim_3
[ 85%] Built target talker_sim_4
[ 86%] Built target test_code
[35m[1mConsolidate compiler generated dependencies of target camera_to_tf[0m
[ 87%] Built target get_tf
[ 88%] Built target platform_simulator
[35m[1mConsolidate compiler generated dependencies of target camera_pub[0m
[ 89%] Built target camera_to_tf
[35m[1mConsolidate compiler generated dependencies of target camera_pub_no_imshow[0m
[35m[1mConsolidate compiler generated dependencies of target camera_pub_and_apriltag[0m
[35m[1mConsolidate compiler generated dependencies of target chk_gimbal[0m
[35m[1mConsolidate compiler generated dependencies of target save_log[0m
[ 90%] Built target camera_pub
[ 90%] Built target camera_pub_no_imshow
[ 91%] Built target camera_pub_and_apriltag
[ 92%] Built target chk_gimbal
[35m[1mConsolidate compiler generated dependencies of target save_log_100[0m
[ 93%] Built target save_log
[35m[1mConsolidate compiler generated dependencies of target save_log_sim[0m
[35m[1mConsolidate compiler generated dependencies of target save_log_platform[0m
[35m[1mConsolidate compiler generated dependencies of target calculate_vel[0m
[ 93%] Built target dji_sdk_generate_messages
[ 93%] Built target save_log_100
[ 94%] Built target save_log_sim
[ 98%] Built target dji_sdk_node
[100%] Built target save_log_platform
[100%] Built target calculate_vel
