[  0%] Built target geometry_msgs_generate_messages_py
[  0%] Built target std_msgs_generate_messages_py
[  0%] Built target nav_msgs_generate_messages_py
[  0%] Built target sensor_msgs_generate_messages_py
[  0%] Built target _dji_sdk_generate_messages_check_deps_MFIOSetValue
[  0%] Built target _dji_sdk_generate_messages_check_deps_MissionHpUpdateYawRate
[  0%] Built target _dji_sdk_generate_messages_check_deps_SetupCameraStream
[  0%] Built target _dji_sdk_generate_messages_check_deps_SetHardSync
[  0%] Built target _dji_sdk_generate_messages_check_deps_SDKControlAuthority
[  0%] Built target _dji_sdk_generate_messages_check_deps_DroneArmControl
[  0%] Built target _dji_sdk_generate_messages_check_deps_QueryDroneVersion
[  0%] Built target _dji_sdk_generate_messages_check_deps_SendMobileData
[  0%] Built target _dji_sdk_generate_messages_check_deps_MissionWpGetInfo
[  0%] Built target _dji_sdk_generate_messages_check_deps_MissionHpUpload
[  0%] Built target _dji_sdk_generate_messages_check_deps_MissionStatus
[  0%] Built target _dji_sdk_generate_messages_check_deps_MobileData
[  0%] Built target _dji_sdk_generate_messages_check_deps_MissionHpGetInfo
[  0%] Built target _dji_sdk_generate_messages_check_deps_Stereo240pSubscription
[  0%] Built target _dji_sdk_generate_messages_check_deps_MissionHpAction
[  0%] Built target _dji_sdk_generate_messages_check_deps_FCTimeInUTC
[  0%] Built target _dji_sdk_generate_messages_check_deps_MissionWpAction
[  0%] Built target _dji_sdk_generate_messages_check_deps_Waypoint
[  0%] Built target _dji_sdk_generate_messages_check_deps_StereoVGASubscription
[  0%] Built target _dji_sdk_generate_messages_check_deps_MissionWaypointTask
[  0%] Built target _dji_sdk_generate_messages_check_deps_VOPosition
[  0%] Built target _dji_sdk_generate_messages_check_deps_MissionHpResetYaw
[  0%] Built target _dji_sdk_generate_messages_check_deps_MissionWaypointAction
[  0%] Built target _dji_sdk_generate_messages_check_deps_SendPayloadData
[  0%] Built target _dji_sdk_generate_messages_check_deps_PayloadData
[  0%] Built target _dji_sdk_generate_messages_check_deps_SetLocalPosRef
[  0%] Built target _dji_sdk_generate_messages_check_deps_Activation
[  0%] Built target _dji_sdk_generate_messages_check_deps_FlightAnomaly
[  0%] Built target _dji_sdk_generate_messages_check_deps_CameraAction
[  0%] Built target _dji_sdk_generate_messages_check_deps_GPSUTC
[  0%] Built target _dji_sdk_generate_messages_check_deps_MissionWpSetSpeed
[  0%] Built target _dji_sdk_generate_messages_check_deps_DroneTaskControl
[  0%] Built target _dji_sdk_generate_messages_check_deps_MissionHotpointTask
[  0%] Built target _dji_sdk_generate_messages_check_deps_MissionHpUpdateRadius
[  0%] Built target _dji_sdk_generate_messages_check_deps_WaypointList
[  0%] Built target _dji_sdk_generate_messages_check_deps_Gimbal
[  0%] Built target _dji_sdk_generate_messages_check_deps_MissionWpGetSpeed
[  0%] Built target _dji_sdk_generate_messages_check_deps_MFIOConfig
[  0%] Built target geometry_msgs_generate_messages_cpp
[  0%] Built target std_msgs_generate_messages_cpp
[  0%] Built target _dji_sdk_generate_messages_check_deps_StereoDepthSubscription
[  0%] Built target nav_msgs_generate_messages_cpp
[  0%] Built target sensor_msgs_generate_messages_cpp
[  0%] Built target _dji_sdk_generate_messages_check_deps_MissionWpUpload
[  0%] Built target geometry_msgs_generate_messages_eus
[  0%] Built target nav_msgs_generate_messages_eus
[  0%] Built target std_msgs_generate_messages_eus
[  0%] Built target sensor_msgs_generate_messages_eus
[  0%] Built target geometry_msgs_generate_messages_lisp
[  0%] Built target std_msgs_generate_messages_lisp
[  0%] Built target nav_msgs_generate_messages_lisp
[  0%] Built target sensor_msgs_generate_messages_lisp
[  0%] Built target _dji_sdk_generate_messages_check_deps_MissionWaypoint
[  0%] Built target geometry_msgs_generate_messages_nodejs
[  0%] Built target std_msgs_generate_messages_nodejs
[  0%] Built target nav_msgs_generate_messages_nodejs
[  0%] Built target sensor_msgs_generate_messages_nodejs
[ 15%] Built target dji_sdk_generate_messages_cpp
[ 31%] Built target dji_sdk_generate_messages_eus
[ 46%] Built target dji_sdk_generate_messages_py
[ 63%] Built target dji_sdk_generate_messages_lisp
[ 79%] Built target dji_sdk_generate_messages_nodejs
[35m[1mConsolidate compiler generated dependencies of target land_1[0m
[ 79%] Built target talker_ros_20
[ 80%] Built target talker_ros_22
[ 81%] Built target talker_ros_21
[ 82%] Built target talker_sim_1
[ 83%] [32mBuilding CXX object CMakeFiles/land_1.dir/src/land_1.cpp.o[0m
[ 83%] Built target talker_sim_2
[ 84%] Built target talker_sim_3
[ 88%] Built target dji_sdk_node
[ 89%] Built target talker_sim_4
[ 90%] Built target platform_simulator
[ 91%] Built target test_code
[ 92%] Built target camera_to_tf
[ 93%] Built target get_tf
[ 94%] Built target camera_pub
[ 94%] Built target camera_pub_no_imshow
[ 94%] Built target save_log
[ 95%] Built target chk_gimbal
[ 96%] Built target camera_pub_and_apriltag
[ 97%] Built target save_log_100
[ 98%] Built target save_log_sim
[ 98%] Built target dji_sdk_generate_messages
[100%] Built target save_log_platform
[100%] Built target calculate_vel
[100%] [32m[1mLinking CXX executable /home/aims/catkin_ws/devel/.private/dji_sdk/lib/dji_sdk/land_1[0m
[100%] Built target land_1
