[  0%] Built target nav_msgs_generate_messages_py
[  0%] Built target std_msgs_generate_messages_py
[  0%] Built target geometry_msgs_generate_messages_py
[  0%] Built target sensor_msgs_generate_messages_py
[  0%] Built target _dji_sdk_generate_messages_check_deps_MFIOSetValue
[  0%] Built target _dji_sdk_generate_messages_check_deps_SetupCameraStream
[  0%] Built target _dji_sdk_generate_messages_check_deps_MissionHpUpdateYawRate
[  0%] Built target _dji_sdk_generate_messages_check_deps_SetHardSync
[  0%] Built target _dji_sdk_generate_messages_check_deps_SDKControlAuthority
[  0%] Built target _dji_sdk_generate_messages_check_deps_DroneArmControl
[  0%] Built target _dji_sdk_generate_messages_check_deps_QueryDroneVersion
[  0%] Built target _dji_sdk_generate_messages_check_deps_SendMobileData
[  0%] Built target _dji_sdk_generate_messages_check_deps_MissionWpGetInfo
[  0%] Built target _dji_sdk_generate_messages_check_deps_MobileData
[  0%] Built target _dji_sdk_generate_messages_check_deps_MissionHpUpload
[  0%] Built target _dji_sdk_generate_messages_check_deps_MissionStatus
[  0%] Built target _dji_sdk_generate_messages_check_deps_MissionHpGetInfo
[  0%] Built target _dji_sdk_generate_messages_check_deps_FCTimeInUTC
[  0%] Built target _dji_sdk_generate_messages_check_deps_Stereo240pSubscription
[  0%] Built target _dji_sdk_generate_messages_check_deps_MissionHpAction
[  0%] Built target _dji_sdk_generate_messages_check_deps_MissionWpAction
[  0%] Built target _dji_sdk_generate_messages_check_deps_Waypoint
[  0%] Built target _dji_sdk_generate_messages_check_deps_MissionHpResetYaw
[  0%] Built target _dji_sdk_generate_messages_check_deps_StereoVGASubscription
[  0%] Built target _dji_sdk_generate_messages_check_deps_MissionWaypointTask
[  0%] Built target _dji_sdk_generate_messages_check_deps_VOPosition
[  0%] Built target _dji_sdk_generate_messages_check_deps_MissionWaypointAction
[  0%] Built target _dji_sdk_generate_messages_check_deps_SendPayloadData
[  0%] Built target _dji_sdk_generate_messages_check_deps_PayloadData
[  0%] Built target _dji_sdk_generate_messages_check_deps_SetLocalPosRef
[  0%] Built target _dji_sdk_generate_messages_check_deps_Activation
[  0%] Built target _dji_sdk_generate_messages_check_deps_FlightAnomaly
[  0%] Built target _dji_sdk_generate_messages_check_deps_CameraAction
[  0%] Built target _dji_sdk_generate_messages_check_deps_GPSUTC
[  0%] Built target _dji_sdk_generate_messages_check_deps_MissionWpSetSpeed
[  0%] Built target _dji_sdk_generate_messages_check_deps_DroneTaskControl
[  0%] Built target _dji_sdk_generate_messages_check_deps_MissionHotpointTask
[  0%] Built target _dji_sdk_generate_messages_check_deps_MissionHpUpdateRadius
[  0%] Built target _dji_sdk_generate_messages_check_deps_Gimbal
[  0%] Built target _dji_sdk_generate_messages_check_deps_WaypointList
[  0%] Built target _dji_sdk_generate_messages_check_deps_MissionWpGetSpeed
[  0%] Built target geometry_msgs_generate_messages_cpp
[  0%] Built target _dji_sdk_generate_messages_check_deps_MFIOConfig
[  0%] Built target std_msgs_generate_messages_cpp
[  0%] Built target _dji_sdk_generate_messages_check_deps_StereoDepthSubscription
[  0%] Built target nav_msgs_generate_messages_cpp
[  0%] Built target sensor_msgs_generate_messages_cpp
[  0%] Built target geometry_msgs_generate_messages_eus
[  0%] Built target _dji_sdk_generate_messages_check_deps_MissionWpUpload
[  0%] Built target std_msgs_generate_messages_eus
[  0%] Built target nav_msgs_generate_messages_eus
[  0%] Built target sensor_msgs_generate_messages_eus
[  0%] Built target geometry_msgs_generate_messages_lisp
[  0%] Built target std_msgs_generate_messages_lisp
[  0%] Built target _dji_sdk_generate_messages_check_deps_MissionWaypoint
[  0%] Built target sensor_msgs_generate_messages_lisp
[  0%] Built target nav_msgs_generate_messages_lisp
[  0%] Built target geometry_msgs_generate_messages_nodejs
[  0%] Built target std_msgs_generate_messages_nodejs
[  0%] Built target nav_msgs_generate_messages_nodejs
[  0%] Built target sensor_msgs_generate_messages_nodejs
[ 15%] Built target dji_sdk_generate_messages_cpp
[ 32%] Built target dji_sdk_generate_messages_py
[ 48%] Built target dji_sdk_generate_messages_lisp
[ 65%] Built target dji_sdk_generate_messages_eus
[ 82%] Built target dji_sdk_generate_messages_nodejs
[ 82%] Built target talker_ros_17
[ 83%] Built target talker_ros_18
[ 84%] Built target talker_ros_19
[ 85%] Built target talker_sim_1
[ 85%] Built target talker_sim_2
[ 87%] Built target test_code
[ 90%] Built target dji_sdk_node
[ 91%] Built target talker_sim_4
[ 92%] Built target talker_sim_3
[ 92%] Built target platform_simulator
[ 92%] [32mBuilding CXX object CMakeFiles/get_tf.dir/src/get_tf.cpp.o[0m
[ 93%] Built target camera_to_tf
[ 94%] Built target camera_pub
[ 95%] Built target camera_pub_and_apriltag
[ 96%] Built target chk_gimbal
[ 95%] Built target camera_pub_no_imshow
[ 97%] Built target save_log
[ 97%] Built target dji_sdk_generate_messages
[ 98%] Built target save_log_100
[100%] Built target save_log_sim
[100%] Built target calculate_vel
[01m[K/home/aims/catkin_ws/src/Onboard-SDK-ROS-3.8.1/dji_sdk/src/get_tf.cpp:[m[K In function ‘[01m[Kint main(int, char**)[m[K’:
[01m[K/home/aims/catkin_ws/src/Onboard-SDK-ROS-3.8.1/dji_sdk/src/get_tf.cpp:193:5:[m[K [01;31m[Kerror: [m[K‘[01m[Kdistance_data[m[K’ was not declared in this scope
     [01;31m[Kdistance_data[m[K.data.push_back(0.0);
     [01;31m[K^~~~~~~~~~~~~[m[K
[01m[K/home/aims/catkin_ws/src/Onboard-SDK-ROS-3.8.1/dji_sdk/src/get_tf.cpp:193:5:[m[K [01;36m[Knote: [m[Ksuggested alternative: ‘[01m[Kdrand48_data[m[K’
     [01;36m[Kdistance_data[m[K.data.push_back(0.0);
     [01;36m[K^~~~~~~~~~~~~[m[K
     [32m[Kdrand48_data[m[K
CMakeFiles/get_tf.dir/build.make:75: recipe for target 'CMakeFiles/get_tf.dir/src/get_tf.cpp.o' failed
make[2]: *** [CMakeFiles/get_tf.dir/src/get_tf.cpp.o] Error 1
CMakeFiles/Makefile2:3788: recipe for target 'CMakeFiles/get_tf.dir/all' failed
make[1]: *** [CMakeFiles/get_tf.dir/all] Error 2
Makefile:145: recipe for target 'all' failed
make: *** [all] Error 2
