[  0%] Built target geometry_msgs_generate_messages_py
[  0%] Built target nav_msgs_generate_messages_py
[  0%] Built target std_msgs_generate_messages_py
[  0%] Built target sensor_msgs_generate_messages_py
[  0%] Built target _dji_sdk_generate_messages_check_deps_MFIOSetValue
[  0%] Built target _dji_sdk_generate_messages_check_deps_SetupCameraStream
[  0%] Built target _dji_sdk_generate_messages_check_deps_MissionHpUpdateYawRate
[  0%] Built target _dji_sdk_generate_messages_check_deps_SetHardSync
[  0%] Built target _dji_sdk_generate_messages_check_deps_SDKControlAuthority
[  0%] Built target _dji_sdk_generate_messages_check_deps_DroneArmControl
[  0%] Built target _dji_sdk_generate_messages_check_deps_QueryDroneVersion
[  0%] Built target _dji_sdk_generate_messages_check_deps_SendMobileData
[  0%] Built target _dji_sdk_generate_messages_check_deps_MissionWpGetInfo
[  0%] Built target _dji_sdk_generate_messages_check_deps_MissionHpUpload
[  0%] Built target _dji_sdk_generate_messages_check_deps_MobileData
[  0%] Built target _dji_sdk_generate_messages_check_deps_MissionStatus
[  0%] Built target _dji_sdk_generate_messages_check_deps_MissionHpGetInfo
[  0%] Built target _dji_sdk_generate_messages_check_deps_Stereo240pSubscription
[  0%] Built target _dji_sdk_generate_messages_check_deps_FCTimeInUTC
[  0%] Built target _dji_sdk_generate_messages_check_deps_MissionHpAction
[  0%] Built target _dji_sdk_generate_messages_check_deps_MissionWpAction
[  0%] Built target _dji_sdk_generate_messages_check_deps_Waypoint
[  0%] Built target _dji_sdk_generate_messages_check_deps_StereoVGASubscription
[  0%] Built target _dji_sdk_generate_messages_check_deps_MissionWaypointTask
[  0%] Built target _dji_sdk_generate_messages_check_deps_MissionHpResetYaw
[  0%] Built target _dji_sdk_generate_messages_check_deps_VOPosition
[  0%] Built target _dji_sdk_generate_messages_check_deps_SendPayloadData
[  0%] Built target _dji_sdk_generate_messages_check_deps_SetLocalPosRef
[  0%] Built target _dji_sdk_generate_messages_check_deps_PayloadData
[  0%] Built target _dji_sdk_generate_messages_check_deps_MissionWaypointAction
[  0%] Built target _dji_sdk_generate_messages_check_deps_FlightAnomaly
[  0%] Built target _dji_sdk_generate_messages_check_deps_Activation
[  0%] Built target _dji_sdk_generate_messages_check_deps_CameraAction
[  0%] Built target _dji_sdk_generate_messages_check_deps_GPSUTC
[  0%] Built target _dji_sdk_generate_messages_check_deps_MissionWpSetSpeed
[  0%] Built target _dji_sdk_generate_messages_check_deps_DroneTaskControl
[  0%] Built target _dji_sdk_generate_messages_check_deps_MissionHotpointTask
[  0%] Built target _dji_sdk_generate_messages_check_deps_MissionHpUpdateRadius
[  0%] Built target _dji_sdk_generate_messages_check_deps_WaypointList
[  0%] Built target _dji_sdk_generate_messages_check_deps_MissionWpGetSpeed
[  0%] Built target _dji_sdk_generate_messages_check_deps_Gimbal
[  0%] Built target _dji_sdk_generate_messages_check_deps_MFIOConfig
[  0%] Built target geometry_msgs_generate_messages_cpp
[  0%] Built target std_msgs_generate_messages_cpp
[  0%] Built target _dji_sdk_generate_messages_check_deps_StereoDepthSubscription
[  0%] Built target _dji_sdk_generate_messages_check_deps_MissionWpUpload
[  0%] Built target nav_msgs_generate_messages_cpp
[  0%] Built target sensor_msgs_generate_messages_cpp
[  0%] Built target geometry_msgs_generate_messages_eus
[  0%] Built target _dji_sdk_generate_messages_check_deps_MissionWaypoint
[  0%] Built target std_msgs_generate_messages_eus
[  0%] Built target nav_msgs_generate_messages_eus
[  0%] Built target sensor_msgs_generate_messages_eus
[  0%] Built target geometry_msgs_generate_messages_lisp
[  0%] Built target std_msgs_generate_messages_lisp
[  0%] Built target nav_msgs_generate_messages_lisp
[  0%] Built target sensor_msgs_generate_messages_lisp
[  0%] Built target geometry_msgs_generate_messages_nodejs
[  0%] Built target nav_msgs_generate_messages_nodejs
[  0%] Built target std_msgs_generate_messages_nodejs
[  0%] Built target sensor_msgs_generate_messages_nodejs
[ 16%] Built target dji_sdk_generate_messages_py
[ 32%] Built target dji_sdk_generate_messages_cpp
[ 49%] Built target dji_sdk_generate_messages_eus
[ 65%] Built target dji_sdk_generate_messages_lisp
[ 82%] Built target dji_sdk_generate_messages_nodejs
[ 83%] Built target talker_ros_18
[ 83%] [32mBuilding CXX object CMakeFiles/talker_ros_19.dir/src/talker_ros_19.cpp.o[0m
[ 83%] Built target talker_ros_17
[ 84%] Built target talker_sim_1
[ 84%] Built target talker_sim_2
[35m[1mConsolidate compiler generated dependencies of target platform_simulator[0m
[ 85%] Built target talker_sim_3
[ 89%] Built target dji_sdk_node
[ 90%] Built target talker_sim_4
[ 90%] Built target get_tf
[ 91%] Built target test_code
[ 91%] [32mBuilding CXX object CMakeFiles/platform_simulator.dir/src/platform_simulator.cpp.o[0m
[ 92%] Built target camera_to_tf
[ 92%] Built target camera_pub_no_imshow
[ 93%] Built target camera_pub
[ 95%] Built target camera_pub_and_apriltag
[ 95%] Built target chk_gimbal
[ 96%] Built target save_log
[ 97%] Built target save_log_100
[ 97%] Built target calculate_vel
[ 97%] Built target dji_sdk_generate_messages
[ 98%] Built target save_log_sim
[ 98%] [32m[1mLinking CXX executable /home/aims/catkin_ws/devel/.private/dji_sdk/lib/dji_sdk/platform_simulator[0m
[ 98%] Built target platform_simulator
[100%] [32m[1mLinking CXX executable /home/aims/catkin_ws/devel/.private/dji_sdk/lib/dji_sdk/talker_ros_19[0m
CMakeFiles/talker_ros_19.dir/src/talker_ros_19.cpp.o: In function `main::{lambda()#2}::operator()() const':
talker_ros_19.cpp:(.text+0xb78): undefined reference to `enu_to_fru(float, float, float)'
collect2: error: ld returned 1 exit status
CMakeFiles/talker_ros_19.dir/build.make:175: recipe for target '/home/aims/catkin_ws/devel/.private/dji_sdk/lib/dji_sdk/talker_ros_19' failed
make[2]: *** [/home/aims/catkin_ws/devel/.private/dji_sdk/lib/dji_sdk/talker_ros_19] Error 1
CMakeFiles/Makefile2:3632: recipe for target 'CMakeFiles/talker_ros_19.dir/all' failed
make[1]: *** [CMakeFiles/talker_ros_19.dir/all] Error 2
Makefile:145: recipe for target 'all' failed
make: *** [all] Error 2
