[  0%] Built target geometry_msgs_generate_messages_py
[  0%] Built target std_msgs_generate_messages_py
[  0%] Built target nav_msgs_generate_messages_py
[  0%] Built target sensor_msgs_generate_messages_py
[  0%] Built target _dji_sdk_generate_messages_check_deps_MFIOSetValue
[  0%] Built target _dji_sdk_generate_messages_check_deps_MissionHpUpdateYawRate
[  0%] Built target _dji_sdk_generate_messages_check_deps_SetupCameraStream
[  0%] Built target _dji_sdk_generate_messages_check_deps_SetHardSync
[  0%] Built target _dji_sdk_generate_messages_check_deps_SDKControlAuthority
[  0%] Built target _dji_sdk_generate_messages_check_deps_DroneArmControl
[  0%] Built target _dji_sdk_generate_messages_check_deps_QueryDroneVersion
[  0%] Built target _dji_sdk_generate_messages_check_deps_SendMobileData
[  0%] Built target _dji_sdk_generate_messages_check_deps_MissionWpGetInfo
[  0%] Built target _dji_sdk_generate_messages_check_deps_MissionHpUpload
[  0%] Built target _dji_sdk_generate_messages_check_deps_MobileData
[  0%] Built target _dji_sdk_generate_messages_check_deps_MissionStatus
[  0%] Built target _dji_sdk_generate_messages_check_deps_MissionHpGetInfo
[  0%] Built target _dji_sdk_generate_messages_check_deps_Stereo240pSubscription
[  0%] Built target _dji_sdk_generate_messages_check_deps_FCTimeInUTC
[  0%] Built target _dji_sdk_generate_messages_check_deps_MissionHpAction
[  0%] Built target _dji_sdk_generate_messages_check_deps_Waypoint
[  0%] Built target _dji_sdk_generate_messages_check_deps_MissionWpAction
[  0%] Built target _dji_sdk_generate_messages_check_deps_StereoVGASubscription
[  0%] Built target _dji_sdk_generate_messages_check_deps_MissionHpResetYaw
[  0%] Built target _dji_sdk_generate_messages_check_deps_SendPayloadData
[  0%] Built target _dji_sdk_generate_messages_check_deps_MissionWaypointTask
[  0%] Built target _dji_sdk_generate_messages_check_deps_VOPosition
[  0%] Built target _dji_sdk_generate_messages_check_deps_PayloadData
[  0%] Built target _dji_sdk_generate_messages_check_deps_SetLocalPosRef
[  0%] Built target _dji_sdk_generate_messages_check_deps_MissionWaypointAction
[  0%] Built target _dji_sdk_generate_messages_check_deps_Activation
[  0%] Built target _dji_sdk_generate_messages_check_deps_FlightAnomaly
[  0%] Built target _dji_sdk_generate_messages_check_deps_GPSUTC
[  0%] Built target _dji_sdk_generate_messages_check_deps_CameraAction
[  0%] Built target _dji_sdk_generate_messages_check_deps_MissionWpSetSpeed
[  0%] Built target _dji_sdk_generate_messages_check_deps_DroneTaskControl
[  0%] Built target _dji_sdk_generate_messages_check_deps_MissionHotpointTask
[  0%] Built target _dji_sdk_generate_messages_check_deps_MissionHpUpdateRadius
[  0%] Built target _dji_sdk_generate_messages_check_deps_MissionWpGetSpeed
[  0%] Built target _dji_sdk_generate_messages_check_deps_WaypointList
[  0%] Built target _dji_sdk_generate_messages_check_deps_Gimbal
[  0%] Built target _dji_sdk_generate_messages_check_deps_MFIOConfig
[  0%] Built target geometry_msgs_generate_messages_cpp
[  0%] Built target std_msgs_generate_messages_cpp
[  0%] Built target sensor_msgs_generate_messages_cpp
[  0%] Built target nav_msgs_generate_messages_cpp
[  0%] Built target _dji_sdk_generate_messages_check_deps_StereoDepthSubscription
[  0%] Built target geometry_msgs_generate_messages_eus
[  0%] Built target _dji_sdk_generate_messages_check_deps_MissionWpUpload
[  0%] Built target sensor_msgs_generate_messages_eus
[  0%] Built target nav_msgs_generate_messages_eus
[  0%] Built target std_msgs_generate_messages_eus
[  0%] Built target geometry_msgs_generate_messages_lisp
[  0%] Built target std_msgs_generate_messages_lisp
[  0%] Built target _dji_sdk_generate_messages_check_deps_MissionWaypoint
[  0%] Built target sensor_msgs_generate_messages_lisp
[  0%] Built target geometry_msgs_generate_messages_nodejs
[  0%] Built target nav_msgs_generate_messages_lisp
[  0%] Built target std_msgs_generate_messages_nodejs
[  0%] Built target sensor_msgs_generate_messages_nodejs
[  0%] Built target nav_msgs_generate_messages_nodejs
[ 15%] Built target dji_sdk_generate_messages_py
[ 31%] Built target dji_sdk_generate_messages_cpp
[ 46%] Built target dji_sdk_generate_messages_eus
[ 63%] Built target dji_sdk_generate_messages_lisp
[ 79%] Built target dji_sdk_generate_messages_nodejs
[35m[1mConsolidate compiler generated dependencies of target talker_ros_19[0m
[35m[1mConsolidate compiler generated dependencies of target talker_ros_20[0m
[ 80%] Built target talker_ros_17
[ 80%] Built target talker_ros_18
[ 81%] Built target talker_ros_19
[ 81%] [32mBuilding CXX object CMakeFiles/talker_ros_20.dir/src/talker_ros_20.cpp.o[0m
[ 81%] Built target talker_sim_2
[ 85%] Built target dji_sdk_node
[ 86%] Built target talker_sim_1
[ 87%] Built target talker_sim_3
[ 88%] Built target get_tf
[ 89%] Built target platform_simulator
[ 90%] Built target talker_sim_4
[ 91%] Built target test_code
[ 92%] Built target camera_to_tf
[ 93%] Built target camera_pub
[ 93%] Built target camera_pub_no_imshow
[ 94%] Built target camera_pub_and_apriltag
[ 95%] Built target chk_gimbal
[ 95%] Built target save_log_100
[ 96%] Built target save_log
[ 97%] Built target save_log_sim
[ 98%] Built target save_log_platform
[ 98%] Built target dji_sdk_generate_messages
[ 98%] Built target calculate_vel
[01m[K/home/aims/catkin_ws/src/Onboard-SDK-ROS-3.8.1/dji_sdk/src/talker_ros_20.cpp:104:7:[m[K [01;31m[Kerror: [m[K‘[01m[Kfloat boost[m[K’ redeclared as different kind of symbol
 float [01;31m[Kboost[m[K = 2;
       [01;31m[K^~~~~[m[K
In file included from [01m[K/opt/ros/melodic/include/ros/time.h:57:0[m[K,
                 from [01m[K/opt/ros/melodic/include/ros/ros.h:38[m[K,
                 from [01m[K/home/aims/catkin_ws/src/Onboard-SDK-ROS-3.8.1/dji_sdk/src/talker_ros_20.cpp:1[m[K:
[01m[K/opt/ros/melodic/include/ros/duration.h:56:11:[m[K [01;36m[Knote: [m[Kprevious declaration ‘[01m[Knamespace boost { }[m[K’
 namespace [01;36m[Kboost[m[K {
           [01;36m[K^~~~~[m[K
[01m[K/home/aims/catkin_ws/src/Onboard-SDK-ROS-3.8.1/dji_sdk/src/talker_ros_20.cpp:[m[K In lambda function:
[01m[K/home/aims/catkin_ws/src/Onboard-SDK-ROS-3.8.1/dji_sdk/src/talker_ros_20.cpp:350:53:[m[K [01;31m[Kerror: [m[Kexpected primary-expression before ‘[01m[K-[m[K’ token
           kp_l = 1 + fabs(y_tf / z_tf) * 2 * (boost [01;31m[K-[m[K 1);
                                                     [01;31m[K^[m[K
[01m[K/home/aims/catkin_ws/src/Onboard-SDK-ROS-3.8.1/dji_sdk/src/talker_ros_20.cpp:351:53:[m[K [01;31m[Kerror: [m[Kexpected primary-expression before ‘[01m[K-[m[K’ token
           kp_f = 1 + fabs(x_tf / z_tf) * 3 * (boost [01;31m[K-[m[K 1);
                                                     [01;31m[K^[m[K
CMakeFiles/talker_ros_20.dir/build.make:75: recipe for target 'CMakeFiles/talker_ros_20.dir/src/talker_ros_20.cpp.o' failed
make[2]: *** [CMakeFiles/talker_ros_20.dir/src/talker_ros_20.cpp.o] Error 1
CMakeFiles/Makefile2:3662: recipe for target 'CMakeFiles/talker_ros_20.dir/all' failed
make[1]: *** [CMakeFiles/talker_ros_20.dir/all] Error 2
Makefile:145: recipe for target 'all' failed
make: *** [all] Error 2
