Linked: (/home/aims/catkin_ws/devel/.private/apriltag_ros/include/apriltag_ros/AnalyzeSingleImageResponse.h, /home/aims/catkin_ws/devel/include/apriltag_ros/AnalyzeSingleImageResponse.h)
Linked: (/home/aims/catkin_ws/devel/.private/apriltag_ros/include/apriltag_ros/AnalyzeSingleImageRequest.h, /home/aims/catkin_ws/devel/include/apriltag_ros/AnalyzeSingleImageRequest.h)
Linked: (/home/aims/catkin_ws/devel/.private/apriltag_ros/include/apriltag_ros/AprilTagDetection.h, /home/aims/catkin_ws/devel/include/apriltag_ros/AprilTagDetection.h)
Linked: (/home/aims/catkin_ws/devel/.private/apriltag_ros/include/apriltag_ros/AprilTagDetectionArray.h, /home/aims/catkin_ws/devel/include/apriltag_ros/AprilTagDetectionArray.h)
Linked: (/home/aims/catkin_ws/devel/.private/apriltag_ros/include/apriltag_ros/AnalyzeSingleImage.h, /home/aims/catkin_ws/devel/include/apriltag_ros/AnalyzeSingleImage.h)
Linked: (/home/aims/catkin_ws/devel/.private/apriltag_ros/share/gennodejs/ros/apriltag_ros/_index.js, /home/aims/catkin_ws/devel/share/gennodejs/ros/apriltag_ros/_index.js)
Linked: (/home/aims/catkin_ws/devel/.private/apriltag_ros/share/gennodejs/ros/apriltag_ros/msg/_index.js, /home/aims/catkin_ws/devel/share/gennodejs/ros/apriltag_ros/msg/_index.js)
Linked: (/home/aims/catkin_ws/devel/.private/apriltag_ros/share/gennodejs/ros/apriltag_ros/msg/AprilTagDetectionArray.js, /home/aims/catkin_ws/devel/share/gennodejs/ros/apriltag_ros/msg/AprilTagDetectionArray.js)
Linked: (/home/aims/catkin_ws/devel/.private/apriltag_ros/share/gennodejs/ros/apriltag_ros/msg/AprilTagDetection.js, /home/aims/catkin_ws/devel/share/gennodejs/ros/apriltag_ros/msg/AprilTagDetection.js)
Linked: (/home/aims/catkin_ws/devel/.private/apriltag_ros/share/gennodejs/ros/apriltag_ros/srv/_index.js, /home/aims/catkin_ws/devel/share/gennodejs/ros/apriltag_ros/srv/_index.js)
Linked: (/home/aims/catkin_ws/devel/.private/apriltag_ros/share/gennodejs/ros/apriltag_ros/srv/AnalyzeSingleImage.js, /home/aims/catkin_ws/devel/share/gennodejs/ros/apriltag_ros/srv/AnalyzeSingleImage.js)
Linked: (/home/aims/catkin_ws/devel/.private/apriltag_ros/share/common-lisp/ros/apriltag_ros/msg/apriltag_ros-msg.asd, /home/aims/catkin_ws/devel/share/common-lisp/ros/apriltag_ros/msg/apriltag_ros-msg.asd)
Linked: (/home/aims/catkin_ws/devel/.private/apriltag_ros/share/common-lisp/ros/apriltag_ros/msg/_package_AprilTagDetection.lisp, /home/aims/catkin_ws/devel/share/common-lisp/ros/apriltag_ros/msg/_package_AprilTagDetection.lisp)
Linked: (/home/aims/catkin_ws/devel/.private/apriltag_ros/share/common-lisp/ros/apriltag_ros/msg/AprilTagDetection.lisp, /home/aims/catkin_ws/devel/share/common-lisp/ros/apriltag_ros/msg/AprilTagDetection.lisp)
Linked: (/home/aims/catkin_ws/devel/.private/apriltag_ros/share/common-lisp/ros/apriltag_ros/msg/_package_AprilTagDetectionArray.lisp, /home/aims/catkin_ws/devel/share/common-lisp/ros/apriltag_ros/msg/_package_AprilTagDetectionArray.lisp)
Linked: (/home/aims/catkin_ws/devel/.private/apriltag_ros/share/common-lisp/ros/apriltag_ros/msg/_package.lisp, /home/aims/catkin_ws/devel/share/common-lisp/ros/apriltag_ros/msg/_package.lisp)
Linked: (/home/aims/catkin_ws/devel/.private/apriltag_ros/share/common-lisp/ros/apriltag_ros/msg/AprilTagDetectionArray.lisp, /home/aims/catkin_ws/devel/share/common-lisp/ros/apriltag_ros/msg/AprilTagDetectionArray.lisp)
Linked: (/home/aims/catkin_ws/devel/.private/apriltag_ros/share/common-lisp/ros/apriltag_ros/srv/apriltag_ros-srv.asd, /home/aims/catkin_ws/devel/share/common-lisp/ros/apriltag_ros/srv/apriltag_ros-srv.asd)
Linked: (/home/aims/catkin_ws/devel/.private/apriltag_ros/share/common-lisp/ros/apriltag_ros/srv/AnalyzeSingleImage.lisp, /home/aims/catkin_ws/devel/share/common-lisp/ros/apriltag_ros/srv/AnalyzeSingleImage.lisp)
Linked: (/home/aims/catkin_ws/devel/.private/apriltag_ros/share/common-lisp/ros/apriltag_ros/srv/_package_AnalyzeSingleImage.lisp, /home/aims/catkin_ws/devel/share/common-lisp/ros/apriltag_ros/srv/_package_AnalyzeSingleImage.lisp)
Linked: (/home/aims/catkin_ws/devel/.private/apriltag_ros/share/common-lisp/ros/apriltag_ros/srv/_package.lisp, /home/aims/catkin_ws/devel/share/common-lisp/ros/apriltag_ros/srv/_package.lisp)
Linked: (/home/aims/catkin_ws/devel/.private/apriltag_ros/share/apriltag_ros/cmake/apriltag_ros-msg-extras.cmake, /home/aims/catkin_ws/devel/share/apriltag_ros/cmake/apriltag_ros-msg-extras.cmake)
Linked: (/home/aims/catkin_ws/devel/.private/apriltag_ros/share/apriltag_ros/cmake/apriltag_ros-msg-paths.cmake, /home/aims/catkin_ws/devel/share/apriltag_ros/cmake/apriltag_ros-msg-paths.cmake)
Linked: (/home/aims/catkin_ws/devel/.private/apriltag_ros/share/apriltag_ros/cmake/apriltag_rosConfig-version.cmake, /home/aims/catkin_ws/devel/share/apriltag_ros/cmake/apriltag_rosConfig-version.cmake)
Linked: (/home/aims/catkin_ws/devel/.private/apriltag_ros/share/apriltag_ros/cmake/apriltag_rosConfig.cmake, /home/aims/catkin_ws/devel/share/apriltag_ros/cmake/apriltag_rosConfig.cmake)
Linked: (/home/aims/catkin_ws/devel/.private/apriltag_ros/share/roseus/ros/apriltag_ros/manifest.l, /home/aims/catkin_ws/devel/share/roseus/ros/apriltag_ros/manifest.l)
Linked: (/home/aims/catkin_ws/devel/.private/apriltag_ros/share/roseus/ros/apriltag_ros/msg/AprilTagDetectionArray.l, /home/aims/catkin_ws/devel/share/roseus/ros/apriltag_ros/msg/AprilTagDetectionArray.l)
Linked: (/home/aims/catkin_ws/devel/.private/apriltag_ros/share/roseus/ros/apriltag_ros/msg/AprilTagDetection.l, /home/aims/catkin_ws/devel/share/roseus/ros/apriltag_ros/msg/AprilTagDetection.l)
Linked: (/home/aims/catkin_ws/devel/.private/apriltag_ros/share/roseus/ros/apriltag_ros/srv/AnalyzeSingleImage.l, /home/aims/catkin_ws/devel/share/roseus/ros/apriltag_ros/srv/AnalyzeSingleImage.l)
Linked: (/home/aims/catkin_ws/devel/.private/apriltag_ros/lib/libapriltag_ros_common.so, /home/aims/catkin_ws/devel/lib/libapriltag_ros_common.so)
Linked: (/home/aims/catkin_ws/devel/.private/apriltag_ros/lib/libapriltag_ros_single_image_detector.so, /home/aims/catkin_ws/devel/lib/libapriltag_ros_single_image_detector.so)
Linked: (/home/aims/catkin_ws/devel/.private/apriltag_ros/lib/libapriltag_ros_continuous_detector.so, /home/aims/catkin_ws/devel/lib/libapriltag_ros_continuous_detector.so)
Linked: (/home/aims/catkin_ws/devel/.private/apriltag_ros/lib/pkgconfig/apriltag_ros.pc, /home/aims/catkin_ws/devel/lib/pkgconfig/apriltag_ros.pc)
Linked: (/home/aims/catkin_ws/devel/.private/apriltag_ros/lib/apriltag_ros/apriltag_ros_continuous_node, /home/aims/catkin_ws/devel/lib/apriltag_ros/apriltag_ros_continuous_node)
Linked: (/home/aims/catkin_ws/devel/.private/apriltag_ros/lib/apriltag_ros/apriltag_ros_single_image_server_node, /home/aims/catkin_ws/devel/lib/apriltag_ros/apriltag_ros_single_image_server_node)
Linked: (/home/aims/catkin_ws/devel/.private/apriltag_ros/lib/apriltag_ros/cam_to_tf, /home/aims/catkin_ws/devel/lib/apriltag_ros/cam_to_tf)
Linked: (/home/aims/catkin_ws/devel/.private/apriltag_ros/lib/apriltag_ros/apriltag_ros_single_image_client_node, /home/aims/catkin_ws/devel/lib/apriltag_ros/apriltag_ros_single_image_client_node)
Linked: (/home/aims/catkin_ws/devel/.private/apriltag_ros/lib/python2.7/dist-packages/apriltag_ros/__init__.py, /home/aims/catkin_ws/devel/lib/python2.7/dist-packages/apriltag_ros/__init__.py)
Linked: (/home/aims/catkin_ws/devel/.private/apriltag_ros/lib/python2.7/dist-packages/apriltag_ros/msg/_AprilTagDetection.py, /home/aims/catkin_ws/devel/lib/python2.7/dist-packages/apriltag_ros/msg/_AprilTagDetection.py)
Linked: (/home/aims/catkin_ws/devel/.private/apriltag_ros/lib/python2.7/dist-packages/apriltag_ros/msg/__init__.py, /home/aims/catkin_ws/devel/lib/python2.7/dist-packages/apriltag_ros/msg/__init__.py)
Linked: (/home/aims/catkin_ws/devel/.private/apriltag_ros/lib/python2.7/dist-packages/apriltag_ros/msg/_AprilTagDetectionArray.py, /home/aims/catkin_ws/devel/lib/python2.7/dist-packages/apriltag_ros/msg/_AprilTagDetectionArray.py)
Linked: (/home/aims/catkin_ws/devel/.private/apriltag_ros/lib/python2.7/dist-packages/apriltag_ros/srv/__init__.py, /home/aims/catkin_ws/devel/lib/python2.7/dist-packages/apriltag_ros/srv/__init__.py)
Linked: (/home/aims/catkin_ws/devel/.private/apriltag_ros/lib/python2.7/dist-packages/apriltag_ros/srv/_AnalyzeSingleImage.py, /home/aims/catkin_ws/devel/lib/python2.7/dist-packages/apriltag_ros/srv/_AnalyzeSingleImage.py)
