[  0%] Built target _apriltag_ros_generate_messages_check_deps_AprilTagDetectionArray
[  0%] Built target sensor_msgs_generate_messages_py
[  0%] Built target geometry_msgs_generate_messages_py
[  0%] Built target std_msgs_generate_messages_py
[  0%] Built target _apriltag_ros_generate_messages_check_deps_AnalyzeSingleImage
[  0%] Built target _apriltag_ros_generate_messages_check_deps_AprilTagDetection
[  0%] Built target sensor_msgs_generate_messages_cpp
[  0%] Built target geometry_msgs_generate_messages_cpp
[  0%] Built target std_msgs_generate_messages_cpp
[  0%] Built target sensor_msgs_generate_messages_eus
[  0%] Built target geometry_msgs_generate_messages_eus
[  0%] Built target std_msgs_generate_messages_eus
[  0%] Built target sensor_msgs_generate_messages_lisp
[  0%] Built target geometry_msgs_generate_messages_lisp
[  0%] Built target std_msgs_generate_messages_lisp
[  0%] Built target sensor_msgs_generate_messages_nodejs
[  0%] Built target geometry_msgs_generate_messages_nodejs
[  0%] Built target std_msgs_generate_messages_nodejs
[ 15%] Built target apriltag_ros_generate_messages_py
[ 25%] Built target apriltag_ros_generate_messages_cpp
[ 37%] Built target apriltag_ros_generate_messages_eus
[ 46%] Built target apriltag_ros_generate_messages_lisp
[ 56%] Built target apriltag_ros_generate_messages_nodejs
[ 59%] [32mBuilding CXX object CMakeFiles/apriltag_ros_common.dir/src/common_functions.cpp.o[0m
[ 62%] [32m[1mLinking CXX shared library /home/aims/catkin_ws/devel/.private/apriltag_ros/lib/libapriltag_ros_common.so[0m
[ 62%] Built target apriltag_ros_common
[ 62%] Built target apriltag_ros_generate_messages
[ 65%] [32mBuilding CXX object CMakeFiles/apriltag_ros_single_image_detector.dir/src/single_image_detector.cpp.o[0m
[ 68%] [32mBuilding CXX object CMakeFiles/apriltag_ros_continuous_detector.dir/src/continuous_detector.cpp.o[0m
[ 71%] [32mBuilding CXX object CMakeFiles/apriltag_ros_single_image_client_node.dir/src/apriltag_ros_single_image_client_node.cpp.o[0m
[ 75%] [32mBuilding CXX object CMakeFiles/cam_to_tf.dir/src/cam_to_tf.cpp.o[0m
[ 78%] [32m[1mLinking CXX executable /home/aims/catkin_ws/devel/.private/apriltag_ros/lib/apriltag_ros/apriltag_ros_single_image_client_node[0m
[ 78%] Built target apriltag_ros_single_image_client_node
[ 81%] [32m[1mLinking CXX shared library /home/aims/catkin_ws/devel/.private/apriltag_ros/lib/libapriltag_ros_continuous_detector.so[0m
[ 84%] [32m[1mLinking CXX executable /home/aims/catkin_ws/devel/.private/apriltag_ros/lib/apriltag_ros/cam_to_tf[0m
[ 84%] Built target apriltag_ros_continuous_detector
[ 87%] [32mBuilding CXX object CMakeFiles/apriltag_ros_continuous_node.dir/src/apriltag_ros_continuous_node.cpp.o[0m
/usr/bin/ld: warning: libopencv_calib3d.so.3.2, needed by /home/aims/catkin_ws/devel/.private/apriltag_ros/lib/libapriltag_ros_common.so, may conflict with libopencv_calib3d.so.3.4
/usr/bin/ld: warning: libopencv_imgcodecs.so.3.2, needed by /opt/ros/melodic/lib/libcv_bridge.so, may conflict with libopencv_imgcodecs.so.3.4
/usr/bin/ld: warning: libopencv_core.so.3.4, needed by /usr/local/lib/libopencv_calib3d.so.3.4.3, may conflict with libopencv_core.so.3.2
[ 87%] Built target cam_to_tf
[ 90%] [32m[1mLinking CXX shared library /home/aims/catkin_ws/devel/.private/apriltag_ros/lib/libapriltag_ros_single_image_detector.so[0m
[ 90%] Built target apriltag_ros_single_image_detector
[ 93%] [32mBuilding CXX object CMakeFiles/apriltag_ros_single_image_server_node.dir/src/apriltag_ros_single_image_server_node.cpp.o[0m
[ 96%] [32m[1mLinking CXX executable /home/aims/catkin_ws/devel/.private/apriltag_ros/lib/apriltag_ros/apriltag_ros_continuous_node[0m
[ 96%] Built target apriltag_ros_continuous_node
[100%] [32m[1mLinking CXX executable /home/aims/catkin_ws/devel/.private/apriltag_ros/lib/apriltag_ros/apriltag_ros_single_image_server_node[0m
/usr/bin/ld: warning: libopencv_core.so.3.4, needed by /usr/local/lib/libopencv_calib3d.so.3.4.3, may conflict with libopencv_core.so.3.2
[100%] Built target apriltag_ros_single_image_server_node
