[  0%] Built target sensor_msgs_generate_messages_py
[  0%] Built target geometry_msgs_generate_messages_py
[  0%] Built target std_msgs_generate_messages_py
[  0%] Built target geometry_msgs_generate_messages_cpp
[  0%] Built target sensor_msgs_generate_messages_cpp
[  0%] Built target std_msgs_generate_messages_cpp
[  0%] Built target sensor_msgs_generate_messages_eus
[  0%] Built target _apriltag_ros_generate_messages_check_deps_AprilTagDetectionArray
[  0%] Built target geometry_msgs_generate_messages_eus
[  0%] Built target _apriltag_ros_generate_messages_check_deps_AnalyzeSingleImage
[  0%] Built target std_msgs_generate_messages_eus
[  0%] Built target sensor_msgs_generate_messages_lisp
[  0%] Built target _apriltag_ros_generate_messages_check_deps_AprilTagDetection
[  0%] Built target std_msgs_generate_messages_lisp
[  0%] Built target geometry_msgs_generate_messages_lisp
[  0%] Built target sensor_msgs_generate_messages_nodejs
[  0%] Built target geometry_msgs_generate_messages_nodejs
[  0%] Built target std_msgs_generate_messages_nodejs
[ 15%] Built target apriltag_ros_generate_messages_py
[ 25%] Built target apriltag_ros_generate_messages_cpp
[ 37%] Built target apriltag_ros_generate_messages_eus
[ 46%] Built target apriltag_ros_generate_messages_lisp
[ 56%] Built target apriltag_ros_generate_messages_nodejs
[ 56%] Built target apriltag_ros_generate_messages
[35m[1mConsolidate compiler generated dependencies of target apriltag_ros_common[0m
[ 62%] Built target apriltag_ros_common
[35m[1mConsolidate compiler generated dependencies of target apriltag_ros_continuous_detector[0m
[ 68%] Built target apriltag_ros_continuous_detector
[35m[1mConsolidate compiler generated dependencies of target apriltag_ros_single_image_detector[0m
[35m[1mConsolidate compiler generated dependencies of target apriltag_ros_single_image_client_node[0m
[35m[1mConsolidate compiler generated dependencies of target cam_to_tf[0m
[35m[1mConsolidate compiler generated dependencies of target apriltag_ros_continuous_node[0m
[ 75%] Built target apriltag_ros_single_image_detector
[ 81%] Built target apriltag_ros_continuous_node
[ 87%] Built target apriltag_ros_single_image_client_node
[ 93%] Built target cam_to_tf
[35m[1mConsolidate compiler generated dependencies of target apriltag_ros_single_image_server_node[0m
[100%] Built target apriltag_ros_single_image_server_node
